Using pre-set license
Built from '2020.2/staging' branch; Version is '2020.2.3f1 (8ff31bc5bf5b) revision 9433883'; Using compiler version '192528614'; Build Type 'Release'
OS: 'Windows 10 Pro; OS build 19042.867; Version 2009; 64bit' Language: 'en' Physical Memory: 16336 MB
BatchMode: 1, IsHumanControllingUs: 0, StartBugReporterOnCrash: 0, Is64bit: 1, IsPro: 0

 COMMAND LINE ARGUMENTS:
C:\Program Files\Unity\Hub\Editor\2020.2.3f1\Editor\Unity.exe
-adb2
-batchMode
-noUpm
-name
AssetImportWorker0
-projectPath
G:/UnityProjects/AoC 2020 Day 21
-logFile
Logs/AssetImportWorker0.log
-srvPort
53562
Successfully changed project path to: G:/UnityProjects/AoC 2020 Day 21
G:/UnityProjects/AoC 2020 Day 21
Using Asset Import Pipeline V2.
Refreshing native plugins compatible for Editor in 45.39 ms, found 1 plugins.
Preloading 0 native plugins for Editor in 0.00 ms.
Initialize engine version: 2020.2.3f1 (8ff31bc5bf5b)
[Subsystems] Discovering subsystems at path C:/Program Files/Unity/Hub/Editor/2020.2.3f1/Editor/Data/Resources/UnitySubsystems
[Subsystems] Discovering subsystems at path G:/UnityProjects/AoC 2020 Day 21/Assets
GfxDevice: creating device client; threaded=0
Direct3D:
    Version:  Direct3D 11.0 [level 11.1]
    Renderer: NVIDIA GeForce GTX 1080 (ID=0x1b80)
    Vendor:   
    VRAM:     8079 MB
    Driver:   27.21.14.6089
Initialize mono
Mono path[0] = 'C:/Program Files/Unity/Hub/Editor/2020.2.3f1/Editor/Data/Managed'
Mono path[1] = 'C:/Program Files/Unity/Hub/Editor/2020.2.3f1/Editor/Data/MonoBleedingEdge/lib/mono/unityjit'
Mono config path = 'C:/Program Files/Unity/Hub/Editor/2020.2.3f1/Editor/Data/MonoBleedingEdge/etc'
Using monoOptions --debugger-agent=transport=dt_socket,embedding=1,server=y,suspend=n,address=127.0.0.1:56904
Begin MonoManager ReloadAssembly
Registering precompiled unity dll's ...
Register platform support module: C:/Program Files/Unity/Hub/Editor/2020.2.3f1/Editor/Data/PlaybackEngines/WebGLSupport/UnityEditor.WebGL.Extensions.dll
Register platform support module: C:/Program Files/Unity/Hub/Editor/2020.2.3f1/Editor/Data/PlaybackEngines/WindowsStandaloneSupport/UnityEditor.WindowsStandalone.Extensions.dll
Registered in 0.001982 seconds.
Native extension for WindowsStandalone target not found
Native extension for WebGL target not found
Refreshing native plugins compatible for Editor in 45.51 ms, found 1 plugins.
Preloading 0 native plugins for Editor in 0.00 ms.
Invoked RoslynAnalysisRunner static constructor.
RoslynAnalysisRunner will not be running.
RoslynAnalysisRunner has terminated.
Mono: successfully reloaded assembly
- Completed reload, in  2.265 seconds
Platform modules already initialized, skipping
Registering precompiled user dll's ...
Registered in 0.000968 seconds.
Begin MonoManager ReloadAssembly
Native extension for WindowsStandalone target not found
Native extension for WebGL target not found
Refreshing native plugins compatible for Editor in 33.02 ms, found 1 plugins.
Preloading 0 native plugins for Editor in 0.00 ms.
Invoked RoslynAnalysisRunner static constructor.
RoslynAnalysisRunner will not be running.
RoslynAnalysisRunner has terminated.
Mono: successfully reloaded assembly
- Completed reload, in  0.847 seconds
Platform modules already initialized, skipping
========================================================================
Worker process is ready to serve import requests
Launched and connected shader compiler UnityShaderCompiler.exe after 0.04 seconds
Refreshing native plugins compatible for Editor in 0.51 ms, found 1 plugins.
Preloading 0 native plugins for Editor in 0.00 ms.
Unloading 1797 Unused Serialized files (Serialized files now loaded: 0)
System memory in use before: 84.3 MB.
System memory in use after: 84.3 MB.

Unloading 24 unused Assets to reduce memory usage. Loaded Objects now: 2238.
Total: 1.728300 ms (FindLiveObjects: 0.207400 ms CreateObjectMapping: 0.077100 ms MarkObjects: 1.343300 ms  DeleteObjects: 0.099600 ms)

========================================================================
Received Import Request.
  path: Assets/Scripts/Testing.cs
  artifactKey: Guid(9ba699106d49dce46a0127742575b50c) Importer(815301076,1909f56bfc062723c751e8b465ee728b)
Start importing Assets/Scripts/Testing.cs using Guid(9ba699106d49dce46a0127742575b50c) Importer(815301076,1909f56bfc062723c751e8b465ee728b)  -> (artifact id: 'de6eea114588af84b82e5f0c5b9908ea') in 0.036758 seconds
  Import took 0.039515 seconds .

========================================================================
Received Prepare
Registering precompiled user dll's ...
Registered in 0.000744 seconds.
Begin MonoManager ReloadAssembly
Native extension for WindowsStandalone target not found
Native extension for WebGL target not found
Refreshing native plugins compatible for Editor in 0.28 ms, found 1 plugins.
Preloading 0 native plugins for Editor in 0.00 ms.
Invoked RoslynAnalysisRunner static constructor.
RoslynAnalysisRunner will not be running.
RoslynAnalysisRunner has terminated.
Mono: successfully reloaded assembly
- Completed reload, in  0.734 seconds
Platform modules already initialized, skipping
Refreshing native plugins compatible for Editor in 0.27 ms, found 1 plugins.
Preloading 0 native plugins for Editor in 0.00 ms.
Unloading 1792 Unused Serialized files (Serialized files now loaded: 0)
System memory in use before: 84.3 MB.
System memory in use after: 84.3 MB.

Unloading 12 unused Assets to reduce memory usage. Loaded Objects now: 2241.
Total: 1.531900 ms (FindLiveObjects: 0.212900 ms CreateObjectMapping: 0.058700 ms MarkObjects: 1.178300 ms  DeleteObjects: 0.081100 ms)

========================================================================
Received Import Request.
  Time since last request: 164.587983 seconds.
  path: Assets/Scripts/Testing.cs
  artifactKey: Guid(9ba699106d49dce46a0127742575b50c) Importer(815301076,1909f56bfc062723c751e8b465ee728b)
Start importing Assets/Scripts/Testing.cs using Guid(9ba699106d49dce46a0127742575b50c) Importer(815301076,1909f56bfc062723c751e8b465ee728b)  -> (artifact id: '4858f533fd10aaae5c902abd713df0eb') in 0.005275 seconds
  Import took 0.007788 seconds .

========================================================================
Received Prepare
Registering precompiled user dll's ...
Registered in 0.000738 seconds.
Begin MonoManager ReloadAssembly
Native extension for WindowsStandalone target not found
Native extension for WebGL target not found
Refreshing native plugins compatible for Editor in 0.26 ms, found 1 plugins.
Preloading 0 native plugins for Editor in 0.00 ms.
Invoked RoslynAnalysisRunner static constructor.
RoslynAnalysisRunner will not be running.
RoslynAnalysisRunner has terminated.
Mono: successfully reloaded assembly
- Completed reload, in  0.704 seconds
Platform modules already initialized, skipping
Refreshing native plugins compatible for Editor in 0.27 ms, found 1 plugins.
Preloading 0 native plugins for Editor in 0.00 ms.
Unloading 1792 Unused Serialized files (Serialized files now loaded: 0)
System memory in use before: 84.4 MB.
System memory in use after: 84.4 MB.

Unloading 12 unused Assets to reduce memory usage. Loaded Objects now: 2244.
Total: 1.452800 ms (FindLiveObjects: 0.140400 ms CreateObjectMapping: 0.053500 ms MarkObjects: 1.179600 ms  DeleteObjects: 0.078700 ms)

========================================================================
Received Import Request.
  Time since last request: 27.398286 seconds.
  path: Assets/Scripts/MainRewrite.cs
  artifactKey: Guid(5c161d5c1c9cd1f4f8a95a9594135b31) Importer(815301076,1909f56bfc062723c751e8b465ee728b)
Start importing Assets/Scripts/MainRewrite.cs using Guid(5c161d5c1c9cd1f4f8a95a9594135b31) Importer(815301076,1909f56bfc062723c751e8b465ee728b)  -> (artifact id: '5f18b0995d05fc7fbdacc96a37a7e17f') in 0.006720 seconds
  Import took 0.010062 seconds .

========================================================================
Received Import Request.
  Time since last request: 0.029820 seconds.
  path: Assets/Scripts/MainRewrite.cs
  artifactKey: Guid(5c161d5c1c9cd1f4f8a95a9594135b31) Importer(815301076,1909f56bfc062723c751e8b465ee728b)
Start importing Assets/Scripts/MainRewrite.cs using Guid(5c161d5c1c9cd1f4f8a95a9594135b31) Importer(815301076,1909f56bfc062723c751e8b465ee728b)  -> (artifact id: '5f18b0995d05fc7fbdacc96a37a7e17f') in 0.001965 seconds
  Import took 0.004080 seconds .

========================================================================
Received Prepare
Registering precompiled user dll's ...
Registered in 0.000749 seconds.
Begin MonoManager ReloadAssembly
Native extension for WindowsStandalone target not found
Native extension for WebGL target not found
Refreshing native plugins compatible for Editor in 0.27 ms, found 1 plugins.
Preloading 0 native plugins for Editor in 0.00 ms.
Invoked RoslynAnalysisRunner static constructor.
RoslynAnalysisRunner will not be running.
RoslynAnalysisRunner has terminated.
Mono: successfully reloaded assembly
- Completed reload, in  0.718 seconds
Platform modules already initialized, skipping
Refreshing native plugins compatible for Editor in 0.28 ms, found 1 plugins.
Preloading 0 native plugins for Editor in 0.00 ms.
Unloading 1792 Unused Serialized files (Serialized files now loaded: 0)
System memory in use before: 84.4 MB.
System memory in use after: 84.4 MB.

Unloading 12 unused Assets to reduce memory usage. Loaded Objects now: 2247.
Total: 1.596700 ms (FindLiveObjects: 0.190000 ms CreateObjectMapping: 0.068300 ms MarkObjects: 1.254900 ms  DeleteObjects: 0.082500 ms)

========================================================================
Received Prepare
Registering precompiled user dll's ...
Registered in 0.000745 seconds.
Begin MonoManager ReloadAssembly
Native extension for WindowsStandalone target not found
Native extension for WebGL target not found
Refreshing native plugins compatible for Editor in 0.30 ms, found 1 plugins.
Preloading 0 native plugins for Editor in 0.00 ms.
Invoked RoslynAnalysisRunner static constructor.
RoslynAnalysisRunner will not be running.
RoslynAnalysisRunner has terminated.
Mono: successfully reloaded assembly
- Completed reload, in  0.732 seconds
Platform modules already initialized, skipping
Refreshing native plugins compatible for Editor in 0.27 ms, found 1 plugins.
Preloading 0 native plugins for Editor in 0.00 ms.
Unloading 1792 Unused Serialized files (Serialized files now loaded: 0)
System memory in use before: 84.4 MB.
System memory in use after: 84.4 MB.

Unloading 12 unused Assets to reduce memory usage. Loaded Objects now: 2250.
Total: 1.823000 ms (FindLiveObjects: 0.225400 ms CreateObjectMapping: 0.074000 ms MarkObjects: 1.431000 ms  DeleteObjects: 0.091600 ms)

========================================================================
Received Prepare
Registering precompiled user dll's ...
Registered in 0.000737 seconds.
Begin MonoManager ReloadAssembly
Native extension for WindowsStandalone target not found
Native extension for WebGL target not found
Refreshing native plugins compatible for Editor in 0.26 ms, found 1 plugins.
Preloading 0 native plugins for Editor in 0.00 ms.
Invoked RoslynAnalysisRunner static constructor.
RoslynAnalysisRunner will not be running.
RoslynAnalysisRunner has terminated.
Mono: successfully reloaded assembly
- Completed reload, in  0.686 seconds
Platform modules already initialized, skipping
Refreshing native plugins compatible for Editor in 0.26 ms, found 1 plugins.
Preloading 0 native plugins for Editor in 0.00 ms.
Unloading 1792 Unused Serialized files (Serialized files now loaded: 0)
System memory in use before: 84.4 MB.
System memory in use after: 84.4 MB.

Unloading 12 unused Assets to reduce memory usage. Loaded Objects now: 2253.
Total: 1.632900 ms (FindLiveObjects: 0.181800 ms CreateObjectMapping: 0.073900 ms MarkObjects: 1.297600 ms  DeleteObjects: 0.078600 ms)

========================================================================
Received Prepare
Registering precompiled user dll's ...
Registered in 0.000735 seconds.
Begin MonoManager ReloadAssembly
Native extension for WindowsStandalone target not found
Native extension for WebGL target not found
Refreshing native plugins compatible for Editor in 0.28 ms, found 1 plugins.
Preloading 0 native plugins for Editor in 0.00 ms.
Invoked RoslynAnalysisRunner static constructor.
RoslynAnalysisRunner will not be running.
RoslynAnalysisRunner has terminated.
Mono: successfully reloaded assembly
- Completed reload, in  0.693 seconds
Platform modules already initialized, skipping
Refreshing native plugins compatible for Editor in 0.27 ms, found 1 plugins.
Preloading 0 native plugins for Editor in 0.00 ms.
Unloading 1792 Unused Serialized files (Serialized files now loaded: 0)
System memory in use before: 84.4 MB.
System memory in use after: 84.4 MB.

Unloading 12 unused Assets to reduce memory usage. Loaded Objects now: 2256.
Total: 1.499400 ms (FindLiveObjects: 0.133500 ms CreateObjectMapping: 0.050200 ms MarkObjects: 1.238200 ms  DeleteObjects: 0.076800 ms)

========================================================================
Received Prepare
Registering precompiled user dll's ...
Registered in 0.000730 seconds.
Begin MonoManager ReloadAssembly
Native extension for WindowsStandalone target not found
Native extension for WebGL target not found
Refreshing native plugins compatible for Editor in 0.27 ms, found 1 plugins.
Preloading 0 native plugins for Editor in 0.00 ms.
Invoked RoslynAnalysisRunner static constructor.
RoslynAnalysisRunner will not be running.
RoslynAnalysisRunner has terminated.
Mono: successfully reloaded assembly
- Completed reload, in  0.762 seconds
Platform modules already initialized, skipping
Refreshing native plugins compatible for Editor in 0.26 ms, found 1 plugins.
Preloading 0 native plugins for Editor in 0.00 ms.
Unloading 1792 Unused Serialized files (Serialized files now loaded: 0)
System memory in use before: 84.4 MB.
System memory in use after: 84.4 MB.

Unloading 12 unused Assets to reduce memory usage. Loaded Objects now: 2259.
Total: 2.000800 ms (FindLiveObjects: 0.232500 ms CreateObjectMapping: 0.104900 ms MarkObjects: 1.561700 ms  DeleteObjects: 0.100700 ms)

========================================================================
Received Prepare
Registering precompiled user dll's ...
Registered in 0.001912 seconds.
Begin MonoManager ReloadAssembly
Native extension for WindowsStandalone target not found
Native extension for WebGL target not found
Refreshing native plugins compatible for Editor in 0.57 ms, found 1 plugins.
Preloading 0 native plugins for Editor in 0.00 ms.
Invoked RoslynAnalysisRunner static constructor.
RoslynAnalysisRunner will not be running.
RoslynAnalysisRunner has terminated.
Mono: successfully reloaded assembly
- Completed reload, in  0.838 seconds
Platform modules already initialized, skipping
Refreshing native plugins compatible for Editor in 0.35 ms, found 1 plugins.
Preloading 0 native plugins for Editor in 0.00 ms.
Unloading 1792 Unused Serialized files (Serialized files now loaded: 0)
System memory in use before: 84.4 MB.
System memory in use after: 84.4 MB.

Unloading 12 unused Assets to reduce memory usage. Loaded Objects now: 2262.
Total: 1.691600 ms (FindLiveObjects: 0.183400 ms CreateObjectMapping: 0.080100 ms MarkObjects: 1.346000 ms  DeleteObjects: 0.081400 ms)

========================================================================
Received Import Request.
  Time since last request: 123.211726 seconds.
  path: Assets/Scripts/Testing.cs
  artifactKey: Guid(9ba699106d49dce46a0127742575b50c) Importer(815301076,1909f56bfc062723c751e8b465ee728b)
Start importing Assets/Scripts/Testing.cs using Guid(9ba699106d49dce46a0127742575b50c) Importer(815301076,1909f56bfc062723c751e8b465ee728b)  -> (artifact id: 'b778936704d8150b2b7dbd00a3e317d0') in 0.004168 seconds
  Import took 0.007974 seconds .

========================================================================
Received Import Request.
  Time since last request: 0.001025 seconds.
  path: Assets/Scripts/Testing.cs
  artifactKey: Guid(9ba699106d49dce46a0127742575b50c) Importer(815301076,1909f56bfc062723c751e8b465ee728b)
Start importing Assets/Scripts/Testing.cs using Guid(9ba699106d49dce46a0127742575b50c) Importer(815301076,1909f56bfc062723c751e8b465ee728b)  -> (artifact id: 'b778936704d8150b2b7dbd00a3e317d0') in 0.002144 seconds
  Import took 0.004398 seconds .

========================================================================
Received Prepare
Registering precompiled user dll's ...
Registered in 0.000740 seconds.
Begin MonoManager ReloadAssembly
Native extension for WindowsStandalone target not found
Native extension for WebGL target not found
Refreshing native plugins compatible for Editor in 0.28 ms, found 1 plugins.
Preloading 0 native plugins for Editor in 0.00 ms.
Invoked RoslynAnalysisRunner static constructor.
RoslynAnalysisRunner will not be running.
RoslynAnalysisRunner has terminated.
Mono: successfully reloaded assembly
- Completed reload, in  0.701 seconds
Platform modules already initialized, skipping
Refreshing native plugins compatible for Editor in 0.27 ms, found 1 plugins.
Preloading 0 native plugins for Editor in 0.00 ms.
Unloading 1792 Unused Serialized files (Serialized files now loaded: 0)
System memory in use before: 84.5 MB.
System memory in use after: 84.4 MB.

Unloading 12 unused Assets to reduce memory usage. Loaded Objects now: 2265.
Total: 1.840000 ms (FindLiveObjects: 0.242300 ms CreateObjectMapping: 0.091200 ms MarkObjects: 1.408400 ms  DeleteObjects: 0.097000 ms)

========================================================================
Received Prepare
Registering precompiled user dll's ...
Registered in 0.000720 seconds.
Begin MonoManager ReloadAssembly
Native extension for WindowsStandalone target not found
Native extension for WebGL target not found
Refreshing native plugins compatible for Editor in 0.26 ms, found 1 plugins.
Preloading 0 native plugins for Editor in 0.00 ms.
Invoked RoslynAnalysisRunner static constructor.
RoslynAnalysisRunner will not be running.
RoslynAnalysisRunner has terminated.
Mono: successfully reloaded assembly
- Completed reload, in  0.698 seconds
Platform modules already initialized, skipping
Refreshing native plugins compatible for Editor in 0.26 ms, found 1 plugins.
Preloading 0 native plugins for Editor in 0.00 ms.
Unloading 1792 Unused Serialized files (Serialized files now loaded: 0)
System memory in use before: 84.5 MB.
System memory in use after: 84.4 MB.

Unloading 12 unused Assets to reduce memory usage. Loaded Objects now: 2268.
Total: 1.496000 ms (FindLiveObjects: 0.188300 ms CreateObjectMapping: 0.057300 ms MarkObjects: 1.174900 ms  DeleteObjects: 0.074900 ms)

========================================================================
Received Prepare
Registering precompiled user dll's ...
Registered in 0.000744 seconds.
Begin MonoManager ReloadAssembly
Native extension for WindowsStandalone target not found
Native extension for WebGL target not found
Refreshing native plugins compatible for Editor in 0.29 ms, found 1 plugins.
Preloading 0 native plugins for Editor in 0.00 ms.
Invoked RoslynAnalysisRunner static constructor.
RoslynAnalysisRunner will not be running.
RoslynAnalysisRunner has terminated.
Mono: successfully reloaded assembly
- Completed reload, in  0.717 seconds
Platform modules already initialized, skipping
Refreshing native plugins compatible for Editor in 0.26 ms, found 1 plugins.
Preloading 0 native plugins for Editor in 0.00 ms.
Unloading 1792 Unused Serialized files (Serialized files now loaded: 0)
System memory in use before: 84.5 MB.
System memory in use after: 84.5 MB.

Unloading 12 unused Assets to reduce memory usage. Loaded Objects now: 2271.
Total: 1.677800 ms (FindLiveObjects: 0.213200 ms CreateObjectMapping: 0.086400 ms MarkObjects: 1.300600 ms  DeleteObjects: 0.076600 ms)

========================================================================
Received Import Request.
  Time since last request: 577.669413 seconds.
  path: Assets/Scripts/MainController.cs
  artifactKey: Guid(56e56cdee7ba68c43a7bd5178e3ada58) Importer(815301076,1909f56bfc062723c751e8b465ee728b)
Start importing Assets/Scripts/MainController.cs using Guid(56e56cdee7ba68c43a7bd5178e3ada58) Importer(815301076,1909f56bfc062723c751e8b465ee728b)  -> (artifact id: 'dd7e2b2f44c6edf0e6b81f8f0fce9725') in 0.006872 seconds
  Import took 0.009333 seconds .

========================================================================
Received Import Request.
  Time since last request: 0.001010 seconds.
  path: Assets/Scripts/MainController.cs
  artifactKey: Guid(56e56cdee7ba68c43a7bd5178e3ada58) Importer(815301076,1909f56bfc062723c751e8b465ee728b)
Start importing Assets/Scripts/MainController.cs using Guid(56e56cdee7ba68c43a7bd5178e3ada58) Importer(815301076,1909f56bfc062723c751e8b465ee728b)  -> (artifact id: 'dd7e2b2f44c6edf0e6b81f8f0fce9725') in 0.002063 seconds
  Import took 0.004320 seconds .

========================================================================
Received Prepare
Registering precompiled user dll's ...
Registered in 0.000701 seconds.
Begin MonoManager ReloadAssembly
Native extension for WindowsStandalone target not found
Native extension for WebGL target not found
Refreshing native plugins compatible for Editor in 0.31 ms, found 1 plugins.
Preloading 0 native plugins for Editor in 0.00 ms.
Invoked RoslynAnalysisRunner static constructor.
RoslynAnalysisRunner will not be running.
RoslynAnalysisRunner has terminated.
Mono: successfully reloaded assembly
- Completed reload, in  0.687 seconds
Platform modules already initialized, skipping
Refreshing native plugins compatible for Editor in 0.28 ms, found 1 plugins.
Preloading 0 native plugins for Editor in 0.00 ms.
Unloading 1792 Unused Serialized files (Serialized files now loaded: 0)
System memory in use before: 84.5 MB.
System memory in use after: 84.5 MB.

Unloading 12 unused Assets to reduce memory usage. Loaded Objects now: 2274.
Total: 1.705200 ms (FindLiveObjects: 0.161900 ms CreateObjectMapping: 0.055400 ms MarkObjects: 1.401100 ms  DeleteObjects: 0.085300 ms)

========================================================================
Received Prepare
Registering precompiled user dll's ...
Registered in 0.000750 seconds.
Begin MonoManager ReloadAssembly
Native extension for WindowsStandalone target not found
Native extension for WebGL target not found
Refreshing native plugins compatible for Editor in 0.26 ms, found 1 plugins.
Preloading 0 native plugins for Editor in 0.00 ms.
Invoked RoslynAnalysisRunner static constructor.
RoslynAnalysisRunner will not be running.
RoslynAnalysisRunner has terminated.
Mono: successfully reloaded assembly
- Completed reload, in  0.708 seconds
Platform modules already initialized, skipping
Refreshing native plugins compatible for Editor in 0.26 ms, found 1 plugins.
Preloading 0 native plugins for Editor in 0.00 ms.
Unloading 1792 Unused Serialized files (Serialized files now loaded: 0)
System memory in use before: 84.5 MB.
System memory in use after: 84.5 MB.

Unloading 12 unused Assets to reduce memory usage. Loaded Objects now: 2277.
Total: 1.531500 ms (FindLiveObjects: 0.151800 ms CreateObjectMapping: 0.057900 ms MarkObjects: 1.245700 ms  DeleteObjects: 0.075400 ms)

========================================================================
Received Prepare
Registering precompiled user dll's ...
Registered in 0.000741 seconds.
Begin MonoManager ReloadAssembly
Native extension for WindowsStandalone target not found
Native extension for WebGL target not found
Refreshing native plugins compatible for Editor in 0.32 ms, found 1 plugins.
Preloading 0 native plugins for Editor in 0.00 ms.
Invoked RoslynAnalysisRunner static constructor.
RoslynAnalysisRunner will not be running.
RoslynAnalysisRunner has terminated.
Mono: successfully reloaded assembly
- Completed reload, in  0.694 seconds
Platform modules already initialized, skipping
Refreshing native plugins compatible for Editor in 0.28 ms, found 1 plugins.
Preloading 0 native plugins for Editor in 0.00 ms.
Unloading 1792 Unused Serialized files (Serialized files now loaded: 0)
System memory in use before: 84.5 MB.
System memory in use after: 84.5 MB.

Unloading 12 unused Assets to reduce memory usage. Loaded Objects now: 2280.
Total: 1.575100 ms (FindLiveObjects: 0.193900 ms CreateObjectMapping: 0.069900 ms MarkObjects: 1.234500 ms  DeleteObjects: 0.076200 ms)

========================================================================
Received Import Request.
  Time since last request: 37.337315 seconds.
  path: Assets/Scripts/MainRewrite.cs
  artifactKey: Guid(5c161d5c1c9cd1f4f8a95a9594135b31) Importer(815301076,1909f56bfc062723c751e8b465ee728b)
Start importing Assets/Scripts/MainRewrite.cs using Guid(5c161d5c1c9cd1f4f8a95a9594135b31) Importer(815301076,1909f56bfc062723c751e8b465ee728b)  -> (artifact id: '37fd3cb772be6108743d172213ac8e03') in 0.003991 seconds
  Import took 0.006195 seconds .

========================================================================
Received Import Request.
  Time since last request: 0.000743 seconds.
  path: Assets/Scripts/MainRewrite.cs
  artifactKey: Guid(5c161d5c1c9cd1f4f8a95a9594135b31) Importer(815301076,1909f56bfc062723c751e8b465ee728b)
Start importing Assets/Scripts/MainRewrite.cs using Guid(5c161d5c1c9cd1f4f8a95a9594135b31) Importer(815301076,1909f56bfc062723c751e8b465ee728b)  -> (artifact id: '37fd3cb772be6108743d172213ac8e03') in 0.002135 seconds
  Import took 0.004270 seconds .

========================================================================
Received Prepare
Registering precompiled user dll's ...
Registered in 0.000891 seconds.
Begin MonoManager ReloadAssembly
Native extension for WindowsStandalone target not found
Native extension for WebGL target not found
Refreshing native plugins compatible for Editor in 0.26 ms, found 1 plugins.
Preloading 0 native plugins for Editor in 0.00 ms.
Invoked RoslynAnalysisRunner static constructor.
RoslynAnalysisRunner will not be running.
RoslynAnalysisRunner has terminated.
Mono: successfully reloaded assembly
- Completed reload, in  0.707 seconds
Platform modules already initialized, skipping
Refreshing native plugins compatible for Editor in 0.27 ms, found 1 plugins.
Preloading 0 native plugins for Editor in 0.00 ms.
Unloading 1792 Unused Serialized files (Serialized files now loaded: 0)
System memory in use before: 84.5 MB.
System memory in use after: 84.5 MB.

Unloading 12 unused Assets to reduce memory usage. Loaded Objects now: 2283.
Total: 1.581100 ms (FindLiveObjects: 0.211900 ms CreateObjectMapping: 0.072300 ms MarkObjects: 1.217800 ms  DeleteObjects: 0.078500 ms)

========================================================================
Received Prepare
Registering precompiled user dll's ...
Registered in 0.000807 seconds.
Begin MonoManager ReloadAssembly
Native extension for WindowsStandalone target not found
Native extension for WebGL target not found
Refreshing native plugins compatible for Editor in 0.38 ms, found 1 plugins.
Preloading 0 native plugins for Editor in 0.00 ms.
Invoked RoslynAnalysisRunner static constructor.
RoslynAnalysisRunner will not be running.
RoslynAnalysisRunner has terminated.
Mono: successfully reloaded assembly
- Completed reload, in  0.689 seconds
Platform modules already initialized, skipping
Refreshing native plugins compatible for Editor in 0.29 ms, found 1 plugins.
Preloading 0 native plugins for Editor in 0.00 ms.
Unloading 1792 Unused Serialized files (Serialized files now loaded: 0)
System memory in use before: 84.5 MB.
System memory in use after: 84.5 MB.

Unloading 12 unused Assets to reduce memory usage. Loaded Objects now: 2286.
Total: 1.688400 ms (FindLiveObjects: 0.202900 ms CreateObjectMapping: 0.064900 ms MarkObjects: 1.339300 ms  DeleteObjects: 0.080400 ms)

========================================================================
Received Prepare
Registering precompiled user dll's ...
Registered in 0.000802 seconds.
Begin MonoManager ReloadAssembly
Native extension for WindowsStandalone target not found
Native extension for WebGL target not found
Refreshing native plugins compatible for Editor in 0.27 ms, found 1 plugins.
Preloading 0 native plugins for Editor in 0.00 ms.
Invoked RoslynAnalysisRunner static constructor.
RoslynAnalysisRunner will not be running.
RoslynAnalysisRunner has terminated.
Mono: successfully reloaded assembly
- Completed reload, in  0.753 seconds
Platform modules already initialized, skipping
Refreshing native plugins compatible for Editor in 0.29 ms, found 1 plugins.
Preloading 0 native plugins for Editor in 0.00 ms.
Unloading 1792 Unused Serialized files (Serialized files now loaded: 0)
System memory in use before: 84.5 MB.
System memory in use after: 84.5 MB.

Unloading 12 unused Assets to reduce memory usage. Loaded Objects now: 2289.
Total: 1.843300 ms (FindLiveObjects: 0.268900 ms CreateObjectMapping: 0.089900 ms MarkObjects: 1.304000 ms  DeleteObjects: 0.179200 ms)

========================================================================
Received Prepare
Registering precompiled user dll's ...
Registered in 0.000772 seconds.
Begin MonoManager ReloadAssembly
Native extension for WindowsStandalone target not found
Native extension for WebGL target not found
Refreshing native plugins compatible for Editor in 0.28 ms, found 1 plugins.
Preloading 0 native plugins for Editor in 0.00 ms.
Invoked RoslynAnalysisRunner static constructor.
RoslynAnalysisRunner will not be running.
RoslynAnalysisRunner has terminated.
Mono: successfully reloaded assembly
- Completed reload, in  0.722 seconds
Platform modules already initialized, skipping
Refreshing native plugins compatible for Editor in 0.28 ms, found 1 plugins.
Preloading 0 native plugins for Editor in 0.00 ms.
Unloading 1792 Unused Serialized files (Serialized files now loaded: 0)
System memory in use before: 84.5 MB.
System memory in use after: 84.5 MB.

Unloading 12 unused Assets to reduce memory usage. Loaded Objects now: 2292.
Total: 1.582100 ms (FindLiveObjects: 0.209100 ms CreateObjectMapping: 0.073900 ms MarkObjects: 1.216100 ms  DeleteObjects: 0.082200 ms)

========================================================================
Received Prepare
Registering precompiled user dll's ...
Registered in 0.000737 seconds.
Begin MonoManager ReloadAssembly
Native extension for WindowsStandalone target not found
Native extension for WebGL target not found
Refreshing native plugins compatible for Editor in 0.27 ms, found 1 plugins.
Preloading 0 native plugins for Editor in 0.00 ms.
Invoked RoslynAnalysisRunner static constructor.
RoslynAnalysisRunner will not be running.
RoslynAnalysisRunner has terminated.
Mono: successfully reloaded assembly
- Completed reload, in  0.697 seconds
Platform modules already initialized, skipping
Refreshing native plugins compatible for Editor in 0.26 ms, found 1 plugins.
Preloading 0 native plugins for Editor in 0.00 ms.
Unloading 1792 Unused Serialized files (Serialized files now loaded: 0)
System memory in use before: 84.5 MB.
System memory in use after: 84.5 MB.

Unloading 12 unused Assets to reduce memory usage. Loaded Objects now: 2295.
Total: 1.593100 ms (FindLiveObjects: 0.217100 ms CreateObjectMapping: 0.071700 ms MarkObjects: 1.222500 ms  DeleteObjects: 0.081100 ms)

========================================================================
Received Prepare
Registering precompiled user dll's ...
Registered in 0.004337 seconds.
Begin MonoManager ReloadAssembly
Native extension for WindowsStandalone target not found
Native extension for WebGL target not found
Refreshing native plugins compatible for Editor in 0.47 ms, found 1 plugins.
Preloading 0 native plugins for Editor in 0.00 ms.
Invoked RoslynAnalysisRunner static constructor.
RoslynAnalysisRunner will not be running.
RoslynAnalysisRunner has terminated.
Mono: successfully reloaded assembly
- Completed reload, in  1.157 seconds
Platform modules already initialized, skipping
Refreshing native plugins compatible for Editor in 0.29 ms, found 1 plugins.
Preloading 0 native plugins for Editor in 0.00 ms.
Unloading 1792 Unused Serialized files (Serialized files now loaded: 0)
System memory in use before: 84.5 MB.
System memory in use after: 84.5 MB.

Unloading 12 unused Assets to reduce memory usage. Loaded Objects now: 2298.
Total: 2.735500 ms (FindLiveObjects: 0.419900 ms CreateObjectMapping: 0.120800 ms MarkObjects: 2.062900 ms  DeleteObjects: 0.130400 ms)

AssetImportWorkerClient::OnTransportError - code=2 error=End of file
