Using pre-set license
Built from '2020.2/staging' branch; Version is '2020.2.3f1 (8ff31bc5bf5b) revision 9433883'; Using compiler version '192528614'; Build Type 'Release'
OS: 'Windows 10 Pro; OS build 19042.804; Version 2009; 64bit' Language: 'en' Physical Memory: 16336 MB
BatchMode: 1, IsHumanControllingUs: 0, StartBugReporterOnCrash: 0, Is64bit: 1, IsPro: 0

 COMMAND LINE ARGUMENTS:
C:\Program Files\Unity\Hub\Editor\2020.2.3f1\Editor\Unity.exe
-adb2
-batchMode
-noUpm
-name
AssetImportWorker0
-projectPath
G:/UnityProjects/AoC 2020 Day 19
-logFile
Logs/AssetImportWorker0.log
-srvPort
59003
Successfully changed project path to: G:/UnityProjects/AoC 2020 Day 19
G:/UnityProjects/AoC 2020 Day 19
Using Asset Import Pipeline V2.
Refreshing native plugins compatible for Editor in 27.38 ms, found 1 plugins.
Preloading 0 native plugins for Editor in 0.00 ms.
Initialize engine version: 2020.2.3f1 (8ff31bc5bf5b)
[Subsystems] Discovering subsystems at path C:/Program Files/Unity/Hub/Editor/2020.2.3f1/Editor/Data/Resources/UnitySubsystems
[Subsystems] Discovering subsystems at path G:/UnityProjects/AoC 2020 Day 19/Assets
GfxDevice: creating device client; threaded=0
Direct3D:
    Version:  Direct3D 11.0 [level 11.1]
    Renderer: NVIDIA GeForce GTX 1080 (ID=0x1b80)
    Vendor:   
    VRAM:     8079 MB
    Driver:   27.21.14.6089
Initialize mono
Mono path[0] = 'C:/Program Files/Unity/Hub/Editor/2020.2.3f1/Editor/Data/Managed'
Mono path[1] = 'C:/Program Files/Unity/Hub/Editor/2020.2.3f1/Editor/Data/MonoBleedingEdge/lib/mono/unityjit'
Mono config path = 'C:/Program Files/Unity/Hub/Editor/2020.2.3f1/Editor/Data/MonoBleedingEdge/etc'
Using monoOptions --debugger-agent=transport=dt_socket,embedding=1,server=y,suspend=n,address=127.0.0.1:56728
Begin MonoManager ReloadAssembly
Registering precompiled unity dll's ...
Register platform support module: C:/Program Files/Unity/Hub/Editor/2020.2.3f1/Editor/Data/PlaybackEngines/WebGLSupport/UnityEditor.WebGL.Extensions.dll
Register platform support module: C:/Program Files/Unity/Hub/Editor/2020.2.3f1/Editor/Data/PlaybackEngines/WindowsStandaloneSupport/UnityEditor.WindowsStandalone.Extensions.dll
Registered in 0.002036 seconds.
Native extension for WindowsStandalone target not found
Native extension for WebGL target not found
Refreshing native plugins compatible for Editor in 25.54 ms, found 1 plugins.
Preloading 0 native plugins for Editor in 0.00 ms.
Invoked RoslynAnalysisRunner static constructor.
RoslynAnalysisRunner will not be running.
RoslynAnalysisRunner has terminated.
Mono: successfully reloaded assembly
- Completed reload, in  1.663 seconds
Platform modules already initialized, skipping
Registering precompiled user dll's ...
Registered in 0.000695 seconds.
Begin MonoManager ReloadAssembly
Native extension for WindowsStandalone target not found
Native extension for WebGL target not found
Refreshing native plugins compatible for Editor in 25.88 ms, found 1 plugins.
Preloading 0 native plugins for Editor in 0.00 ms.
Invoked RoslynAnalysisRunner static constructor.
RoslynAnalysisRunner will not be running.
RoslynAnalysisRunner has terminated.
Mono: successfully reloaded assembly
- Completed reload, in  0.689 seconds
Platform modules already initialized, skipping
========================================================================
Worker process is ready to serve import requests
Launched and connected shader compiler UnityShaderCompiler.exe after 0.03 seconds
Refreshing native plugins compatible for Editor in 0.26 ms, found 1 plugins.
Preloading 0 native plugins for Editor in 0.00 ms.
Unloading 1792 Unused Serialized files (Serialized files now loaded: 0)
System memory in use before: 84.2 MB.
System memory in use after: 84.2 MB.

Unloading 24 unused Assets to reduce memory usage. Loaded Objects now: 2233.
Total: 1.496600 ms (FindLiveObjects: 0.139400 ms CreateObjectMapping: 0.060600 ms MarkObjects: 1.200300 ms  DeleteObjects: 0.095600 ms)

========================================================================
Received Import Request.
  path: Assets/Input
  artifactKey: Guid(94045ee0e7e1ecd43861c275c4870d59) Importer(815301076,1909f56bfc062723c751e8b465ee728b)
Start importing Assets/Input using Guid(94045ee0e7e1ecd43861c275c4870d59) Importer(815301076,1909f56bfc062723c751e8b465ee728b)  -> (artifact id: '56341ba645b4b6edcf5963889403ab91') in 0.006783 seconds
  Import took 0.009146 seconds .

========================================================================
Received Import Request.
  Time since last request: 0.044415 seconds.
  path: Assets
  artifactKey: Guid(00000000000000001000000000000000) Importer(815301076,1909f56bfc062723c751e8b465ee728b)
Start importing Assets using Guid(00000000000000001000000000000000) Importer(815301076,1909f56bfc062723c751e8b465ee728b)  -> (artifact id: '653ce283d384579a24208b2e4d727c2a') in 0.004579 seconds
  Import took 0.007119 seconds .

========================================================================
Received Import Request.
  Time since last request: 2.793178 seconds.
  path: Assets/Scripts
  artifactKey: Guid(5cf390ea890cc854a829ec193c6c7800) Importer(815301076,1909f56bfc062723c751e8b465ee728b)
Start importing Assets/Scripts using Guid(5cf390ea890cc854a829ec193c6c7800) Importer(815301076,1909f56bfc062723c751e8b465ee728b)  -> (artifact id: 'ae60a725afe70f3cd24c43c59ce4d610') in 0.004534 seconds
  Import took 0.007073 seconds .

========================================================================
Received Import Request.
  Time since last request: 33.964231 seconds.
  path: Assets/Scripts/MainController.cs
  artifactKey: Guid(897e429bece5a0449a99f78906f95582) Importer(815301076,1909f56bfc062723c751e8b465ee728b)
Start importing Assets/Scripts/MainController.cs using Guid(897e429bece5a0449a99f78906f95582) Importer(815301076,1909f56bfc062723c751e8b465ee728b)  -> (artifact id: '060ae7556ba24897af1eaa1fb29d1ba5') in 0.036930 seconds
  Import took 0.039476 seconds .

========================================================================
Received Prepare
Registering precompiled user dll's ...
Registered in 0.000680 seconds.
Begin MonoManager ReloadAssembly
Native extension for WindowsStandalone target not found
Native extension for WebGL target not found
Refreshing native plugins compatible for Editor in 0.26 ms, found 1 plugins.
Preloading 0 native plugins for Editor in 0.00 ms.
Invoked RoslynAnalysisRunner static constructor.
RoslynAnalysisRunner will not be running.
RoslynAnalysisRunner has terminated.
Mono: successfully reloaded assembly
- Completed reload, in  0.641 seconds
Platform modules already initialized, skipping
Refreshing native plugins compatible for Editor in 0.26 ms, found 1 plugins.
Preloading 0 native plugins for Editor in 0.00 ms.
Unloading 1788 Unused Serialized files (Serialized files now loaded: 0)
System memory in use before: 84.2 MB.
System memory in use after: 84.2 MB.

Unloading 12 unused Assets to reduce memory usage. Loaded Objects now: 2237.
Total: 1.419400 ms (FindLiveObjects: 0.151600 ms CreateObjectMapping: 0.057800 ms MarkObjects: 1.132900 ms  DeleteObjects: 0.076400 ms)

========================================================================
Received Prepare
Registering precompiled user dll's ...
Registered in 0.000724 seconds.
Begin MonoManager ReloadAssembly
Native extension for WindowsStandalone target not found
Native extension for WebGL target not found
Refreshing native plugins compatible for Editor in 0.53 ms, found 1 plugins.
Preloading 0 native plugins for Editor in 0.00 ms.
Invoked RoslynAnalysisRunner static constructor.
RoslynAnalysisRunner will not be running.
RoslynAnalysisRunner has terminated.
Mono: successfully reloaded assembly
- Completed reload, in  0.702 seconds
Platform modules already initialized, skipping
Refreshing native plugins compatible for Editor in 0.26 ms, found 1 plugins.
Preloading 0 native plugins for Editor in 0.00 ms.
Unloading 1788 Unused Serialized files (Serialized files now loaded: 0)
System memory in use before: 84.2 MB.
System memory in use after: 84.2 MB.

Unloading 12 unused Assets to reduce memory usage. Loaded Objects now: 2240.
Total: 1.410600 ms (FindLiveObjects: 0.138600 ms CreateObjectMapping: 0.050200 ms MarkObjects: 1.137100 ms  DeleteObjects: 0.083800 ms)

========================================================================
Received Import Request.
  Time since last request: 743.675269 seconds.
  path: Assets/Scripts/MainController.cs
  artifactKey: Guid(897e429bece5a0449a99f78906f95582) Importer(815301076,1909f56bfc062723c751e8b465ee728b)
Start importing Assets/Scripts/MainController.cs using Guid(897e429bece5a0449a99f78906f95582) Importer(815301076,1909f56bfc062723c751e8b465ee728b)  -> (artifact id: '00000000000000000000000000000000') in 0.000906 seconds
  ERROR: Build asset version error: assets/scripts/maincontroller.cs in SourceAssetDB has modification time of '2021-03-10T16:51:46.5394379Z' while content on disk has modification time of '2021-03-10T16:54:40.0376383Z'
  Import took 0.003595 seconds .

========================================================================
Received Import Request.
  Time since last request: 0.012791 seconds.
  path: Assets/Scripts/MainController.cs
  artifactKey: Guid(897e429bece5a0449a99f78906f95582) Importer(815301076,1909f56bfc062723c751e8b465ee728b)
Start importing Assets/Scripts/MainController.cs using Guid(897e429bece5a0449a99f78906f95582) Importer(815301076,1909f56bfc062723c751e8b465ee728b)  -> (artifact id: '00000000000000000000000000000000') in 0.000165 seconds
  ERROR: Build asset version error: assets/scripts/maincontroller.cs in SourceAssetDB has modification time of '2021-03-10T16:51:46.5394379Z' while content on disk has modification time of '2021-03-10T16:54:40.0376383Z'
  Import took 0.001990 seconds .

========================================================================
Received Import Request.
  Time since last request: 0.156368 seconds.
  path: Assets/Scripts/MainController.cs
  artifactKey: Guid(897e429bece5a0449a99f78906f95582) Importer(815301076,1909f56bfc062723c751e8b465ee728b)
Start importing Assets/Scripts/MainController.cs using Guid(897e429bece5a0449a99f78906f95582) Importer(815301076,1909f56bfc062723c751e8b465ee728b)  -> (artifact id: '00000000000000000000000000000000') in 0.000249 seconds
  ERROR: Build asset version error: assets/scripts/maincontroller.cs in SourceAssetDB has modification time of '2021-03-10T16:51:46.5394379Z' while content on disk has modification time of '2021-03-10T16:54:40.0376383Z'
  Import took 0.002707 seconds .

========================================================================
Received Import Request.
  Time since last request: 0.050575 seconds.
  path: Assets/Scripts/MainController.cs
  artifactKey: Guid(897e429bece5a0449a99f78906f95582) Importer(815301076,1909f56bfc062723c751e8b465ee728b)
Start importing Assets/Scripts/MainController.cs using Guid(897e429bece5a0449a99f78906f95582) Importer(815301076,1909f56bfc062723c751e8b465ee728b)  -> (artifact id: '00000000000000000000000000000000') in 0.000202 seconds
  ERROR: Build asset version error: assets/scripts/maincontroller.cs in SourceAssetDB has modification time of '2021-03-10T16:51:46.5394379Z' while content on disk has modification time of '2021-03-10T16:54:40.0376383Z'
  Import took 0.002257 seconds .

========================================================================
Received Import Request.
  Time since last request: 0.038029 seconds.
  path: Assets/Scripts/MainController.cs
  artifactKey: Guid(897e429bece5a0449a99f78906f95582) Importer(815301076,1909f56bfc062723c751e8b465ee728b)
Start importing Assets/Scripts/MainController.cs using Guid(897e429bece5a0449a99f78906f95582) Importer(815301076,1909f56bfc062723c751e8b465ee728b)  -> (artifact id: '00000000000000000000000000000000') in 0.000172 seconds
  ERROR: Build asset version error: assets/scripts/maincontroller.cs in SourceAssetDB has modification time of '2021-03-10T16:51:46.5394379Z' while content on disk has modification time of '2021-03-10T16:54:40.0376383Z'
  Import took 0.002182 seconds .

========================================================================
Received Import Request.
  Time since last request: 0.036132 seconds.
  path: Assets/Scripts/MainController.cs
  artifactKey: Guid(897e429bece5a0449a99f78906f95582) Importer(815301076,1909f56bfc062723c751e8b465ee728b)
Start importing Assets/Scripts/MainController.cs using Guid(897e429bece5a0449a99f78906f95582) Importer(815301076,1909f56bfc062723c751e8b465ee728b)  -> (artifact id: '00000000000000000000000000000000') in 0.000184 seconds
  ERROR: Build asset version error: assets/scripts/maincontroller.cs in SourceAssetDB has modification time of '2021-03-10T16:51:46.5394379Z' while content on disk has modification time of '2021-03-10T16:54:40.0376383Z'
  Import took 0.002450 seconds .

========================================================================
Received Import Request.
  Time since last request: 0.036146 seconds.
  path: Assets/Scripts/MainController.cs
  artifactKey: Guid(897e429bece5a0449a99f78906f95582) Importer(815301076,1909f56bfc062723c751e8b465ee728b)
Start importing Assets/Scripts/MainController.cs using Guid(897e429bece5a0449a99f78906f95582) Importer(815301076,1909f56bfc062723c751e8b465ee728b)  -> (artifact id: '00000000000000000000000000000000') in 0.000157 seconds
  ERROR: Build asset version error: assets/scripts/maincontroller.cs in SourceAssetDB has modification time of '2021-03-10T16:51:46.5394379Z' while content on disk has modification time of '2021-03-10T16:54:40.0376383Z'
  Import took 0.002081 seconds .

========================================================================
Received Import Request.
  Time since last request: 0.039337 seconds.
  path: Assets/Scripts/MainController.cs
  artifactKey: Guid(897e429bece5a0449a99f78906f95582) Importer(815301076,1909f56bfc062723c751e8b465ee728b)
Start importing Assets/Scripts/MainController.cs using Guid(897e429bece5a0449a99f78906f95582) Importer(815301076,1909f56bfc062723c751e8b465ee728b)  -> (artifact id: '00000000000000000000000000000000') in 0.000158 seconds
  ERROR: Build asset version error: assets/scripts/maincontroller.cs in SourceAssetDB has modification time of '2021-03-10T16:51:46.5394379Z' while content on disk has modification time of '2021-03-10T16:54:40.0376383Z'
  Import took 0.002038 seconds .

========================================================================
Received Import Request.
  Time since last request: 0.036828 seconds.
  path: Assets/Scripts/MainController.cs
  artifactKey: Guid(897e429bece5a0449a99f78906f95582) Importer(815301076,1909f56bfc062723c751e8b465ee728b)
Start importing Assets/Scripts/MainController.cs using Guid(897e429bece5a0449a99f78906f95582) Importer(815301076,1909f56bfc062723c751e8b465ee728b)  -> (artifact id: '00000000000000000000000000000000') in 0.000186 seconds
  ERROR: Build asset version error: assets/scripts/maincontroller.cs in SourceAssetDB has modification time of '2021-03-10T16:51:46.5394379Z' while content on disk has modification time of '2021-03-10T16:54:40.0376383Z'
  Import took 0.002445 seconds .

========================================================================
Received Import Request.
  Time since last request: 0.037917 seconds.
  path: Assets/Scripts/MainController.cs
  artifactKey: Guid(897e429bece5a0449a99f78906f95582) Importer(815301076,1909f56bfc062723c751e8b465ee728b)
Start importing Assets/Scripts/MainController.cs using Guid(897e429bece5a0449a99f78906f95582) Importer(815301076,1909f56bfc062723c751e8b465ee728b)  -> (artifact id: '00000000000000000000000000000000') in 0.000188 seconds
  ERROR: Build asset version error: assets/scripts/maincontroller.cs in SourceAssetDB has modification time of '2021-03-10T16:51:46.5394379Z' while content on disk has modification time of '2021-03-10T16:54:40.0376383Z'
  Import took 0.002462 seconds .

========================================================================
Received Import Request.
  Time since last request: 0.038298 seconds.
  path: Assets/Scripts/MainController.cs
  artifactKey: Guid(897e429bece5a0449a99f78906f95582) Importer(815301076,1909f56bfc062723c751e8b465ee728b)
Start importing Assets/Scripts/MainController.cs using Guid(897e429bece5a0449a99f78906f95582) Importer(815301076,1909f56bfc062723c751e8b465ee728b)  -> (artifact id: '00000000000000000000000000000000') in 0.000187 seconds
  ERROR: Build asset version error: assets/scripts/maincontroller.cs in SourceAssetDB has modification time of '2021-03-10T16:51:46.5394379Z' while content on disk has modification time of '2021-03-10T16:54:40.0376383Z'
  Import took 0.002471 seconds .

========================================================================
Received Import Request.
  Time since last request: 0.036662 seconds.
  path: Assets/Scripts/MainController.cs
  artifactKey: Guid(897e429bece5a0449a99f78906f95582) Importer(815301076,1909f56bfc062723c751e8b465ee728b)
Start importing Assets/Scripts/MainController.cs using Guid(897e429bece5a0449a99f78906f95582) Importer(815301076,1909f56bfc062723c751e8b465ee728b)  -> (artifact id: '00000000000000000000000000000000') in 0.000154 seconds
  ERROR: Build asset version error: assets/scripts/maincontroller.cs in SourceAssetDB has modification time of '2021-03-10T16:51:46.5394379Z' while content on disk has modification time of '2021-03-10T16:54:40.0376383Z'
  Import took 0.002026 seconds .

========================================================================
Received Import Request.
  Time since last request: 0.037765 seconds.
  path: Assets/Scripts/MainController.cs
  artifactKey: Guid(897e429bece5a0449a99f78906f95582) Importer(815301076,1909f56bfc062723c751e8b465ee728b)
Start importing Assets/Scripts/MainController.cs using Guid(897e429bece5a0449a99f78906f95582) Importer(815301076,1909f56bfc062723c751e8b465ee728b)  -> (artifact id: '00000000000000000000000000000000') in 0.000164 seconds
  ERROR: Build asset version error: assets/scripts/maincontroller.cs in SourceAssetDB has modification time of '2021-03-10T16:51:46.5394379Z' while content on disk has modification time of '2021-03-10T16:54:40.0376383Z'
  Import took 0.002122 seconds .

========================================================================
Received Import Request.
  Time since last request: 0.037116 seconds.
  path: Assets/Scripts/MainController.cs
  artifactKey: Guid(897e429bece5a0449a99f78906f95582) Importer(815301076,1909f56bfc062723c751e8b465ee728b)
Start importing Assets/Scripts/MainController.cs using Guid(897e429bece5a0449a99f78906f95582) Importer(815301076,1909f56bfc062723c751e8b465ee728b)  -> (artifact id: '00000000000000000000000000000000') in 0.000233 seconds
  ERROR: Build asset version error: assets/scripts/maincontroller.cs in SourceAssetDB has modification time of '2021-03-10T16:51:46.5394379Z' while content on disk has modification time of '2021-03-10T16:54:40.0376383Z'
  Import took 0.002933 seconds .

========================================================================
Received Import Request.
  Time since last request: 0.037924 seconds.
  path: Assets/Scripts/MainController.cs
  artifactKey: Guid(897e429bece5a0449a99f78906f95582) Importer(815301076,1909f56bfc062723c751e8b465ee728b)
Start importing Assets/Scripts/MainController.cs using Guid(897e429bece5a0449a99f78906f95582) Importer(815301076,1909f56bfc062723c751e8b465ee728b)  -> (artifact id: '00000000000000000000000000000000') in 0.000220 seconds
  ERROR: Build asset version error: assets/scripts/maincontroller.cs in SourceAssetDB has modification time of '2021-03-10T16:51:46.5394379Z' while content on disk has modification time of '2021-03-10T16:54:40.0376383Z'
  Import took 0.002682 seconds .

========================================================================
Received Import Request.
  Time since last request: 0.040987 seconds.
  path: Assets/Scripts/MainController.cs
  artifactKey: Guid(897e429bece5a0449a99f78906f95582) Importer(815301076,1909f56bfc062723c751e8b465ee728b)
Start importing Assets/Scripts/MainController.cs using Guid(897e429bece5a0449a99f78906f95582) Importer(815301076,1909f56bfc062723c751e8b465ee728b)  -> (artifact id: '00000000000000000000000000000000') in 0.000239 seconds
  ERROR: Build asset version error: assets/scripts/maincontroller.cs in SourceAssetDB has modification time of '2021-03-10T16:51:46.5394379Z' while content on disk has modification time of '2021-03-10T16:54:40.0376383Z'
  Import took 0.002704 seconds .

========================================================================
Received Import Request.
  Time since last request: 0.038721 seconds.
  path: Assets/Scripts/MainController.cs
  artifactKey: Guid(897e429bece5a0449a99f78906f95582) Importer(815301076,1909f56bfc062723c751e8b465ee728b)
Start importing Assets/Scripts/MainController.cs using Guid(897e429bece5a0449a99f78906f95582) Importer(815301076,1909f56bfc062723c751e8b465ee728b)  -> (artifact id: '00000000000000000000000000000000') in 0.000171 seconds
  ERROR: Build asset version error: assets/scripts/maincontroller.cs in SourceAssetDB has modification time of '2021-03-10T16:51:46.5394379Z' while content on disk has modification time of '2021-03-10T16:54:40.0376383Z'
  Import took 0.002307 seconds .

========================================================================
Received Import Request.
  Time since last request: 0.052177 seconds.
  path: Assets/Scripts/MainController.cs
  artifactKey: Guid(897e429bece5a0449a99f78906f95582) Importer(815301076,1909f56bfc062723c751e8b465ee728b)
Start importing Assets/Scripts/MainController.cs using Guid(897e429bece5a0449a99f78906f95582) Importer(815301076,1909f56bfc062723c751e8b465ee728b)  -> (artifact id: '00000000000000000000000000000000') in 0.000285 seconds
  ERROR: Build asset version error: assets/scripts/maincontroller.cs in SourceAssetDB has modification time of '2021-03-10T16:51:46.5394379Z' while content on disk has modification time of '2021-03-10T16:54:40.0376383Z'
  Import took 0.004000 seconds .

========================================================================
Received Import Request.
  Time since last request: 0.041153 seconds.
  path: Assets/Scripts/MainController.cs
  artifactKey: Guid(897e429bece5a0449a99f78906f95582) Importer(815301076,1909f56bfc062723c751e8b465ee728b)
Start importing Assets/Scripts/MainController.cs using Guid(897e429bece5a0449a99f78906f95582) Importer(815301076,1909f56bfc062723c751e8b465ee728b)  -> (artifact id: '00000000000000000000000000000000') in 0.000216 seconds
  ERROR: Build asset version error: assets/scripts/maincontroller.cs in SourceAssetDB has modification time of '2021-03-10T16:51:46.5394379Z' while content on disk has modification time of '2021-03-10T16:54:40.0376383Z'
  Import took 0.002387 seconds .

========================================================================
Received Import Request.
  Time since last request: 0.043728 seconds.
  path: Assets/Scripts/MainController.cs
  artifactKey: Guid(897e429bece5a0449a99f78906f95582) Importer(815301076,1909f56bfc062723c751e8b465ee728b)
Start importing Assets/Scripts/MainController.cs using Guid(897e429bece5a0449a99f78906f95582) Importer(815301076,1909f56bfc062723c751e8b465ee728b)  -> (artifact id: '00000000000000000000000000000000') in 0.000197 seconds
  ERROR: Build asset version error: assets/scripts/maincontroller.cs in SourceAssetDB has modification time of '2021-03-10T16:51:46.5394379Z' while content on disk has modification time of '2021-03-10T16:54:40.0376383Z'
  Import took 0.002896 seconds .

========================================================================
Received Import Request.
  Time since last request: 0.044413 seconds.
  path: Assets/Scripts/MainController.cs
  artifactKey: Guid(897e429bece5a0449a99f78906f95582) Importer(815301076,1909f56bfc062723c751e8b465ee728b)
Start importing Assets/Scripts/MainController.cs using Guid(897e429bece5a0449a99f78906f95582) Importer(815301076,1909f56bfc062723c751e8b465ee728b)  -> (artifact id: '00000000000000000000000000000000') in 0.000207 seconds
  ERROR: Build asset version error: assets/scripts/maincontroller.cs in SourceAssetDB has modification time of '2021-03-10T16:51:46.5394379Z' while content on disk has modification time of '2021-03-10T16:54:40.0376383Z'
  Import took 0.002629 seconds .

========================================================================
Received Import Request.
  Time since last request: 0.037744 seconds.
  path: Assets/Scripts/MainController.cs
  artifactKey: Guid(897e429bece5a0449a99f78906f95582) Importer(815301076,1909f56bfc062723c751e8b465ee728b)
Start importing Assets/Scripts/MainController.cs using Guid(897e429bece5a0449a99f78906f95582) Importer(815301076,1909f56bfc062723c751e8b465ee728b)  -> (artifact id: '00000000000000000000000000000000') in 0.000194 seconds
  ERROR: Build asset version error: assets/scripts/maincontroller.cs in SourceAssetDB has modification time of '2021-03-10T16:51:46.5394379Z' while content on disk has modification time of '2021-03-10T16:54:40.0376383Z'
  Import took 0.002635 seconds .

========================================================================
Received Import Request.
  Time since last request: 0.036059 seconds.
  path: Assets/Scripts/MainController.cs
  artifactKey: Guid(897e429bece5a0449a99f78906f95582) Importer(815301076,1909f56bfc062723c751e8b465ee728b)
Start importing Assets/Scripts/MainController.cs using Guid(897e429bece5a0449a99f78906f95582) Importer(815301076,1909f56bfc062723c751e8b465ee728b)  -> (artifact id: '00000000000000000000000000000000') in 0.000155 seconds
  ERROR: Build asset version error: assets/scripts/maincontroller.cs in SourceAssetDB has modification time of '2021-03-10T16:51:46.5394379Z' while content on disk has modification time of '2021-03-10T16:54:40.0376383Z'
  Import took 0.002021 seconds .

========================================================================
Received Import Request.
  Time since last request: 0.037142 seconds.
  path: Assets/Scripts/MainController.cs
  artifactKey: Guid(897e429bece5a0449a99f78906f95582) Importer(815301076,1909f56bfc062723c751e8b465ee728b)
Start importing Assets/Scripts/MainController.cs using Guid(897e429bece5a0449a99f78906f95582) Importer(815301076,1909f56bfc062723c751e8b465ee728b)  -> (artifact id: '00000000000000000000000000000000') in 0.000200 seconds
  ERROR: Build asset version error: assets/scripts/maincontroller.cs in SourceAssetDB has modification time of '2021-03-10T16:51:46.5394379Z' while content on disk has modification time of '2021-03-10T16:54:40.0376383Z'
  Import took 0.002360 seconds .

========================================================================
Received Import Request.
  Time since last request: 0.040030 seconds.
  path: Assets/Scripts/MainController.cs
  artifactKey: Guid(897e429bece5a0449a99f78906f95582) Importer(815301076,1909f56bfc062723c751e8b465ee728b)
Start importing Assets/Scripts/MainController.cs using Guid(897e429bece5a0449a99f78906f95582) Importer(815301076,1909f56bfc062723c751e8b465ee728b)  -> (artifact id: '00000000000000000000000000000000') in 0.000170 seconds
  ERROR: Build asset version error: assets/scripts/maincontroller.cs in SourceAssetDB has modification time of '2021-03-10T16:51:46.5394379Z' while content on disk has modification time of '2021-03-10T16:54:40.0376383Z'
  Import took 0.002106 seconds .

========================================================================
Received Import Request.
  Time since last request: 0.038202 seconds.
  path: Assets/Scripts/MainController.cs
  artifactKey: Guid(897e429bece5a0449a99f78906f95582) Importer(815301076,1909f56bfc062723c751e8b465ee728b)
Start importing Assets/Scripts/MainController.cs using Guid(897e429bece5a0449a99f78906f95582) Importer(815301076,1909f56bfc062723c751e8b465ee728b)  -> (artifact id: '00000000000000000000000000000000') in 0.000203 seconds
  ERROR: Build asset version error: assets/scripts/maincontroller.cs in SourceAssetDB has modification time of '2021-03-10T16:51:46.5394379Z' while content on disk has modification time of '2021-03-10T16:54:40.0376383Z'
  Import took 0.002554 seconds .

========================================================================
Received Import Request.
  Time since last request: 0.056221 seconds.
  path: Assets/Scripts/MainController.cs
  artifactKey: Guid(897e429bece5a0449a99f78906f95582) Importer(815301076,1909f56bfc062723c751e8b465ee728b)
Start importing Assets/Scripts/MainController.cs using Guid(897e429bece5a0449a99f78906f95582) Importer(815301076,1909f56bfc062723c751e8b465ee728b)  -> (artifact id: '00000000000000000000000000000000') in 0.000228 seconds
  ERROR: Build asset version error: assets/scripts/maincontroller.cs in SourceAssetDB has modification time of '2021-03-10T16:51:46.5394379Z' while content on disk has modification time of '2021-03-10T16:54:40.0376383Z'
  Import took 0.003206 seconds .

========================================================================
Received Import Request.
  Time since last request: 0.042191 seconds.
  path: Assets/Scripts/MainController.cs
  artifactKey: Guid(897e429bece5a0449a99f78906f95582) Importer(815301076,1909f56bfc062723c751e8b465ee728b)
Start importing Assets/Scripts/MainController.cs using Guid(897e429bece5a0449a99f78906f95582) Importer(815301076,1909f56bfc062723c751e8b465ee728b)  -> (artifact id: '00000000000000000000000000000000') in 0.000192 seconds
  ERROR: Build asset version error: assets/scripts/maincontroller.cs in SourceAssetDB has modification time of '2021-03-10T16:51:46.5394379Z' while content on disk has modification time of '2021-03-10T16:54:40.0376383Z'
  Import took 0.002311 seconds .

========================================================================
Received Import Request.
  Time since last request: 0.039116 seconds.
  path: Assets/Scripts/MainController.cs
  artifactKey: Guid(897e429bece5a0449a99f78906f95582) Importer(815301076,1909f56bfc062723c751e8b465ee728b)
Start importing Assets/Scripts/MainController.cs using Guid(897e429bece5a0449a99f78906f95582) Importer(815301076,1909f56bfc062723c751e8b465ee728b)  -> (artifact id: '00000000000000000000000000000000') in 0.000309 seconds
  ERROR: Build asset version error: assets/scripts/maincontroller.cs in SourceAssetDB has modification time of '2021-03-10T16:51:46.5394379Z' while content on disk has modification time of '2021-03-10T16:54:40.0376383Z'
  Import took 0.002834 seconds .

========================================================================
Received Import Request.
  Time since last request: 0.053803 seconds.
  path: Assets/Scripts/MainController.cs
  artifactKey: Guid(897e429bece5a0449a99f78906f95582) Importer(815301076,1909f56bfc062723c751e8b465ee728b)
Start importing Assets/Scripts/MainController.cs using Guid(897e429bece5a0449a99f78906f95582) Importer(815301076,1909f56bfc062723c751e8b465ee728b)  -> (artifact id: '00000000000000000000000000000000') in 0.000248 seconds
  ERROR: Build asset version error: assets/scripts/maincontroller.cs in SourceAssetDB has modification time of '2021-03-10T16:51:46.5394379Z' while content on disk has modification time of '2021-03-10T16:54:40.0376383Z'
  Import took 0.003561 seconds .

========================================================================
Received Import Request.
  Time since last request: 0.067494 seconds.
  path: Assets/Scripts/MainController.cs
  artifactKey: Guid(897e429bece5a0449a99f78906f95582) Importer(815301076,1909f56bfc062723c751e8b465ee728b)
Start importing Assets/Scripts/MainController.cs using Guid(897e429bece5a0449a99f78906f95582) Importer(815301076,1909f56bfc062723c751e8b465ee728b)  -> (artifact id: '00000000000000000000000000000000') in 0.000176 seconds
  ERROR: Build asset version error: assets/scripts/maincontroller.cs in SourceAssetDB has modification time of '2021-03-10T16:51:46.5394379Z' while content on disk has modification time of '2021-03-10T16:54:40.0376383Z'
  Import took 0.002135 seconds .

========================================================================
Received Import Request.
  Time since last request: 0.044663 seconds.
  path: Assets/Scripts/MainController.cs
  artifactKey: Guid(897e429bece5a0449a99f78906f95582) Importer(815301076,1909f56bfc062723c751e8b465ee728b)
Start importing Assets/Scripts/MainController.cs using Guid(897e429bece5a0449a99f78906f95582) Importer(815301076,1909f56bfc062723c751e8b465ee728b)  -> (artifact id: '00000000000000000000000000000000') in 0.000263 seconds
  ERROR: Build asset version error: assets/scripts/maincontroller.cs in SourceAssetDB has modification time of '2021-03-10T16:51:46.5394379Z' while content on disk has modification time of '2021-03-10T16:54:40.0376383Z'
  Import took 0.003253 seconds .

========================================================================
Received Import Request.
  Time since last request: 0.036057 seconds.
  path: Assets/Scripts/MainController.cs
  artifactKey: Guid(897e429bece5a0449a99f78906f95582) Importer(815301076,1909f56bfc062723c751e8b465ee728b)
Start importing Assets/Scripts/MainController.cs using Guid(897e429bece5a0449a99f78906f95582) Importer(815301076,1909f56bfc062723c751e8b465ee728b)  -> (artifact id: '00000000000000000000000000000000') in 0.000247 seconds
  ERROR: Build asset version error: assets/scripts/maincontroller.cs in SourceAssetDB has modification time of '2021-03-10T16:51:46.5394379Z' while content on disk has modification time of '2021-03-10T16:54:40.0376383Z'
  Import took 0.002354 seconds .

========================================================================
Received Import Request.
  Time since last request: 0.040221 seconds.
  path: Assets/Scripts/MainController.cs
  artifactKey: Guid(897e429bece5a0449a99f78906f95582) Importer(815301076,1909f56bfc062723c751e8b465ee728b)
Start importing Assets/Scripts/MainController.cs using Guid(897e429bece5a0449a99f78906f95582) Importer(815301076,1909f56bfc062723c751e8b465ee728b)  -> (artifact id: '00000000000000000000000000000000') in 0.000271 seconds
  ERROR: Build asset version error: assets/scripts/maincontroller.cs in SourceAssetDB has modification time of '2021-03-10T16:51:46.5394379Z' while content on disk has modification time of '2021-03-10T16:54:40.0376383Z'
  Import took 0.003222 seconds .

========================================================================
Received Import Request.
  Time since last request: 0.036173 seconds.
  path: Assets/Scripts/MainController.cs
  artifactKey: Guid(897e429bece5a0449a99f78906f95582) Importer(815301076,1909f56bfc062723c751e8b465ee728b)
Start importing Assets/Scripts/MainController.cs using Guid(897e429bece5a0449a99f78906f95582) Importer(815301076,1909f56bfc062723c751e8b465ee728b)  -> (artifact id: '00000000000000000000000000000000') in 0.000156 seconds
  ERROR: Build asset version error: assets/scripts/maincontroller.cs in SourceAssetDB has modification time of '2021-03-10T16:51:46.5394379Z' while content on disk has modification time of '2021-03-10T16:54:40.0376383Z'
  Import took 0.002004 seconds .

========================================================================
Received Import Request.
  Time since last request: 0.039578 seconds.
  path: Assets/Scripts/MainController.cs
  artifactKey: Guid(897e429bece5a0449a99f78906f95582) Importer(815301076,1909f56bfc062723c751e8b465ee728b)
Start importing Assets/Scripts/MainController.cs using Guid(897e429bece5a0449a99f78906f95582) Importer(815301076,1909f56bfc062723c751e8b465ee728b)  -> (artifact id: '00000000000000000000000000000000') in 0.000169 seconds
  ERROR: Build asset version error: assets/scripts/maincontroller.cs in SourceAssetDB has modification time of '2021-03-10T16:51:46.5394379Z' while content on disk has modification time of '2021-03-10T16:54:40.0376383Z'
  Import took 0.002126 seconds .

========================================================================
Received Import Request.
  Time since last request: 0.042986 seconds.
  path: Assets/Scripts/MainController.cs
  artifactKey: Guid(897e429bece5a0449a99f78906f95582) Importer(815301076,1909f56bfc062723c751e8b465ee728b)
Start importing Assets/Scripts/MainController.cs using Guid(897e429bece5a0449a99f78906f95582) Importer(815301076,1909f56bfc062723c751e8b465ee728b)  -> (artifact id: '00000000000000000000000000000000') in 0.000164 seconds
  ERROR: Build asset version error: assets/scripts/maincontroller.cs in SourceAssetDB has modification time of '2021-03-10T16:51:46.5394379Z' while content on disk has modification time of '2021-03-10T16:54:40.0376383Z'
  Import took 0.002093 seconds .

========================================================================
Received Import Request.
  Time since last request: 0.035498 seconds.
  path: Assets/Scripts/MainController.cs
  artifactKey: Guid(897e429bece5a0449a99f78906f95582) Importer(815301076,1909f56bfc062723c751e8b465ee728b)
Start importing Assets/Scripts/MainController.cs using Guid(897e429bece5a0449a99f78906f95582) Importer(815301076,1909f56bfc062723c751e8b465ee728b)  -> (artifact id: '00000000000000000000000000000000') in 0.000181 seconds
  ERROR: Build asset version error: assets/scripts/maincontroller.cs in SourceAssetDB has modification time of '2021-03-10T16:51:46.5394379Z' while content on disk has modification time of '2021-03-10T16:54:40.0376383Z'
  Import took 0.002362 seconds .

========================================================================
Received Import Request.
  Time since last request: 0.037042 seconds.
  path: Assets/Scripts/MainController.cs
  artifactKey: Guid(897e429bece5a0449a99f78906f95582) Importer(815301076,1909f56bfc062723c751e8b465ee728b)
Start importing Assets/Scripts/MainController.cs using Guid(897e429bece5a0449a99f78906f95582) Importer(815301076,1909f56bfc062723c751e8b465ee728b)  -> (artifact id: '00000000000000000000000000000000') in 0.000177 seconds
  ERROR: Build asset version error: assets/scripts/maincontroller.cs in SourceAssetDB has modification time of '2021-03-10T16:51:46.5394379Z' while content on disk has modification time of '2021-03-10T16:54:40.0376383Z'
  Import took 0.002195 seconds .

========================================================================
Received Import Request.
  Time since last request: 0.037860 seconds.
  path: Assets/Scripts/MainController.cs
  artifactKey: Guid(897e429bece5a0449a99f78906f95582) Importer(815301076,1909f56bfc062723c751e8b465ee728b)
Start importing Assets/Scripts/MainController.cs using Guid(897e429bece5a0449a99f78906f95582) Importer(815301076,1909f56bfc062723c751e8b465ee728b)  -> (artifact id: '00000000000000000000000000000000') in 0.000213 seconds
  ERROR: Build asset version error: assets/scripts/maincontroller.cs in SourceAssetDB has modification time of '2021-03-10T16:51:46.5394379Z' while content on disk has modification time of '2021-03-10T16:54:40.0376383Z'
  Import took 0.002469 seconds .

========================================================================
Received Import Request.
  Time since last request: 0.038943 seconds.
  path: Assets/Scripts/MainController.cs
  artifactKey: Guid(897e429bece5a0449a99f78906f95582) Importer(815301076,1909f56bfc062723c751e8b465ee728b)
Start importing Assets/Scripts/MainController.cs using Guid(897e429bece5a0449a99f78906f95582) Importer(815301076,1909f56bfc062723c751e8b465ee728b)  -> (artifact id: '00000000000000000000000000000000') in 0.000226 seconds
  ERROR: Build asset version error: assets/scripts/maincontroller.cs in SourceAssetDB has modification time of '2021-03-10T16:51:46.5394379Z' while content on disk has modification time of '2021-03-10T16:54:40.0376383Z'
  Import took 0.002602 seconds .

========================================================================
Received Import Request.
  Time since last request: 0.037801 seconds.
  path: Assets/Scripts/MainController.cs
  artifactKey: Guid(897e429bece5a0449a99f78906f95582) Importer(815301076,1909f56bfc062723c751e8b465ee728b)
Start importing Assets/Scripts/MainController.cs using Guid(897e429bece5a0449a99f78906f95582) Importer(815301076,1909f56bfc062723c751e8b465ee728b)  -> (artifact id: '00000000000000000000000000000000') in 0.000212 seconds
  ERROR: Build asset version error: assets/scripts/maincontroller.cs in SourceAssetDB has modification time of '2021-03-10T16:51:46.5394379Z' while content on disk has modification time of '2021-03-10T16:54:40.0376383Z'
  Import took 0.002557 seconds .

========================================================================
Received Import Request.
  Time since last request: 0.035702 seconds.
  path: Assets/Scripts/MainController.cs
  artifactKey: Guid(897e429bece5a0449a99f78906f95582) Importer(815301076,1909f56bfc062723c751e8b465ee728b)
Start importing Assets/Scripts/MainController.cs using Guid(897e429bece5a0449a99f78906f95582) Importer(815301076,1909f56bfc062723c751e8b465ee728b)  -> (artifact id: '00000000000000000000000000000000') in 0.000156 seconds
  ERROR: Build asset version error: assets/scripts/maincontroller.cs in SourceAssetDB has modification time of '2021-03-10T16:51:46.5394379Z' while content on disk has modification time of '2021-03-10T16:54:40.0376383Z'
  Import took 0.001962 seconds .

========================================================================
Received Import Request.
  Time since last request: 0.037565 seconds.
  path: Assets/Scripts/MainController.cs
  artifactKey: Guid(897e429bece5a0449a99f78906f95582) Importer(815301076,1909f56bfc062723c751e8b465ee728b)
Start importing Assets/Scripts/MainController.cs using Guid(897e429bece5a0449a99f78906f95582) Importer(815301076,1909f56bfc062723c751e8b465ee728b)  -> (artifact id: '00000000000000000000000000000000') in 0.000173 seconds
  ERROR: Build asset version error: assets/scripts/maincontroller.cs in SourceAssetDB has modification time of '2021-03-10T16:51:46.5394379Z' while content on disk has modification time of '2021-03-10T16:54:40.0376383Z'
  Import took 0.002295 seconds .

========================================================================
Received Import Request.
  Time since last request: 0.039246 seconds.
  path: Assets/Scripts/MainController.cs
  artifactKey: Guid(897e429bece5a0449a99f78906f95582) Importer(815301076,1909f56bfc062723c751e8b465ee728b)
Start importing Assets/Scripts/MainController.cs using Guid(897e429bece5a0449a99f78906f95582) Importer(815301076,1909f56bfc062723c751e8b465ee728b)  -> (artifact id: '00000000000000000000000000000000') in 0.000336 seconds
  ERROR: Build asset version error: assets/scripts/maincontroller.cs in SourceAssetDB has modification time of '2021-03-10T16:51:46.5394379Z' while content on disk has modification time of '2021-03-10T16:54:40.0376383Z'
  Import took 0.002406 seconds .

========================================================================
Received Import Request.
  Time since last request: 0.035756 seconds.
  path: Assets/Scripts/MainController.cs
  artifactKey: Guid(897e429bece5a0449a99f78906f95582) Importer(815301076,1909f56bfc062723c751e8b465ee728b)
Start importing Assets/Scripts/MainController.cs using Guid(897e429bece5a0449a99f78906f95582) Importer(815301076,1909f56bfc062723c751e8b465ee728b)  -> (artifact id: '00000000000000000000000000000000') in 0.000163 seconds
  ERROR: Build asset version error: assets/scripts/maincontroller.cs in SourceAssetDB has modification time of '2021-03-10T16:51:46.5394379Z' while content on disk has modification time of '2021-03-10T16:54:40.0376383Z'
  Import took 0.002100 seconds .

========================================================================
Received Import Request.
  Time since last request: 0.035209 seconds.
  path: Assets/Scripts/MainController.cs
  artifactKey: Guid(897e429bece5a0449a99f78906f95582) Importer(815301076,1909f56bfc062723c751e8b465ee728b)
Start importing Assets/Scripts/MainController.cs using Guid(897e429bece5a0449a99f78906f95582) Importer(815301076,1909f56bfc062723c751e8b465ee728b)  -> (artifact id: '00000000000000000000000000000000') in 0.000180 seconds
  ERROR: Build asset version error: assets/scripts/maincontroller.cs in SourceAssetDB has modification time of '2021-03-10T16:51:46.5394379Z' while content on disk has modification time of '2021-03-10T16:54:40.0376383Z'
  Import took 0.002315 seconds .

========================================================================
Received Import Request.
  Time since last request: 0.037833 seconds.
  path: Assets/Scripts/MainController.cs
  artifactKey: Guid(897e429bece5a0449a99f78906f95582) Importer(815301076,1909f56bfc062723c751e8b465ee728b)
Start importing Assets/Scripts/MainController.cs using Guid(897e429bece5a0449a99f78906f95582) Importer(815301076,1909f56bfc062723c751e8b465ee728b)  -> (artifact id: '00000000000000000000000000000000') in 0.000158 seconds
  ERROR: Build asset version error: assets/scripts/maincontroller.cs in SourceAssetDB has modification time of '2021-03-10T16:51:46.5394379Z' while content on disk has modification time of '2021-03-10T16:54:40.0376383Z'
  Import took 0.002176 seconds .

========================================================================
Received Import Request.
  Time since last request: 0.037120 seconds.
  path: Assets/Scripts/MainController.cs
  artifactKey: Guid(897e429bece5a0449a99f78906f95582) Importer(815301076,1909f56bfc062723c751e8b465ee728b)
Start importing Assets/Scripts/MainController.cs using Guid(897e429bece5a0449a99f78906f95582) Importer(815301076,1909f56bfc062723c751e8b465ee728b)  -> (artifact id: '00000000000000000000000000000000') in 0.000156 seconds
  ERROR: Build asset version error: assets/scripts/maincontroller.cs in SourceAssetDB has modification time of '2021-03-10T16:51:46.5394379Z' while content on disk has modification time of '2021-03-10T16:54:40.0376383Z'
  Import took 0.002161 seconds .

========================================================================
Received Import Request.
  Time since last request: 0.036990 seconds.
  path: Assets/Scripts/MainController.cs
  artifactKey: Guid(897e429bece5a0449a99f78906f95582) Importer(815301076,1909f56bfc062723c751e8b465ee728b)
Start importing Assets/Scripts/MainController.cs using Guid(897e429bece5a0449a99f78906f95582) Importer(815301076,1909f56bfc062723c751e8b465ee728b)  -> (artifact id: '00000000000000000000000000000000') in 0.000158 seconds
  ERROR: Build asset version error: assets/scripts/maincontroller.cs in SourceAssetDB has modification time of '2021-03-10T16:51:46.5394379Z' while content on disk has modification time of '2021-03-10T16:54:40.0376383Z'
  Import took 0.002030 seconds .

========================================================================
Received Import Request.
  Time since last request: 0.037397 seconds.
  path: Assets/Scripts/MainController.cs
  artifactKey: Guid(897e429bece5a0449a99f78906f95582) Importer(815301076,1909f56bfc062723c751e8b465ee728b)
Start importing Assets/Scripts/MainController.cs using Guid(897e429bece5a0449a99f78906f95582) Importer(815301076,1909f56bfc062723c751e8b465ee728b)  -> (artifact id: '00000000000000000000000000000000') in 0.000164 seconds
  ERROR: Build asset version error: assets/scripts/maincontroller.cs in SourceAssetDB has modification time of '2021-03-10T16:51:46.5394379Z' while content on disk has modification time of '2021-03-10T16:54:40.0376383Z'
  Import took 0.002353 seconds .

========================================================================
Received Prepare
Registering precompiled user dll's ...
Registered in 0.000727 seconds.
Begin MonoManager ReloadAssembly
Native extension for WindowsStandalone target not found
Native extension for WebGL target not found
Refreshing native plugins compatible for Editor in 0.28 ms, found 1 plugins.
Preloading 0 native plugins for Editor in 0.00 ms.
Invoked RoslynAnalysisRunner static constructor.
RoslynAnalysisRunner will not be running.
RoslynAnalysisRunner has terminated.
Mono: successfully reloaded assembly
- Completed reload, in  0.691 seconds
Platform modules already initialized, skipping
Refreshing native plugins compatible for Editor in 0.29 ms, found 1 plugins.
Preloading 0 native plugins for Editor in 0.00 ms.
Unloading 1788 Unused Serialized files (Serialized files now loaded: 0)
System memory in use before: 84.3 MB.
System memory in use after: 84.3 MB.

Unloading 12 unused Assets to reduce memory usage. Loaded Objects now: 2243.
Total: 2.572300 ms (FindLiveObjects: 0.299000 ms CreateObjectMapping: 0.156500 ms MarkObjects: 2.020400 ms  DeleteObjects: 0.094800 ms)

========================================================================
Received Import Request.
  Time since last request: 3.517074 seconds.
  path: Assets/Scripts/MainController.cs
  artifactKey: Guid(897e429bece5a0449a99f78906f95582) Importer(815301076,1909f56bfc062723c751e8b465ee728b)
Start importing Assets/Scripts/MainController.cs using Guid(897e429bece5a0449a99f78906f95582) Importer(815301076,1909f56bfc062723c751e8b465ee728b)  -> (artifact id: '53a14f1599445cc557ee20217b5d2f6a') in 0.009731 seconds
  Import took 0.013112 seconds .

========================================================================
Received Import Request.
  Time since last request: 0.133250 seconds.
  path: Assets/Scripts/MainController.cs
  artifactKey: Guid(897e429bece5a0449a99f78906f95582) Importer(815301076,1909f56bfc062723c751e8b465ee728b)
Start importing Assets/Scripts/MainController.cs using Guid(897e429bece5a0449a99f78906f95582) Importer(815301076,1909f56bfc062723c751e8b465ee728b)  -> (artifact id: '53a14f1599445cc557ee20217b5d2f6a') in 0.002309 seconds
  Import took 0.004776 seconds .

========================================================================
Received Prepare
Registering precompiled user dll's ...
Registered in 0.001110 seconds.
Begin MonoManager ReloadAssembly
Native extension for WindowsStandalone target not found
Native extension for WebGL target not found
Refreshing native plugins compatible for Editor in 0.36 ms, found 1 plugins.
Preloading 0 native plugins for Editor in 0.00 ms.
Invoked RoslynAnalysisRunner static constructor.
RoslynAnalysisRunner will not be running.
RoslynAnalysisRunner has terminated.
Mono: successfully reloaded assembly
- Completed reload, in  0.865 seconds
Platform modules already initialized, skipping
Refreshing native plugins compatible for Editor in 0.31 ms, found 1 plugins.
Preloading 0 native plugins for Editor in 0.00 ms.
Unloading 1788 Unused Serialized files (Serialized files now loaded: 0)
System memory in use before: 84.3 MB.
System memory in use after: 84.2 MB.

Unloading 12 unused Assets to reduce memory usage. Loaded Objects now: 2246.
Total: 1.625200 ms (FindLiveObjects: 0.213600 ms CreateObjectMapping: 0.083100 ms MarkObjects: 1.245900 ms  DeleteObjects: 0.081600 ms)

========================================================================
Received Import Request.
  Time since last request: 20.309556 seconds.
  path: Assets/Input/day19input.txt
  artifactKey: Guid(841e06b1573392449885746e86e96218) Importer(815301076,1909f56bfc062723c751e8b465ee728b)
Start importing Assets/Input/day19input.txt using Guid(841e06b1573392449885746e86e96218) Importer(815301076,1909f56bfc062723c751e8b465ee728b)  -> (artifact id: 'c812acdceb2ba5af22b52b12d4eb079e') in 0.019072 seconds
  Import took 0.022526 seconds .

========================================================================
Received Prepare
Registering precompiled user dll's ...
Registered in 0.000729 seconds.
Begin MonoManager ReloadAssembly
Native extension for WindowsStandalone target not found
Native extension for WebGL target not found
Refreshing native plugins compatible for Editor in 0.26 ms, found 1 plugins.
Preloading 0 native plugins for Editor in 0.00 ms.
Invoked RoslynAnalysisRunner static constructor.
RoslynAnalysisRunner will not be running.
RoslynAnalysisRunner has terminated.
Mono: successfully reloaded assembly
- Completed reload, in  0.647 seconds
Platform modules already initialized, skipping
Refreshing native plugins compatible for Editor in 0.28 ms, found 1 plugins.
Preloading 0 native plugins for Editor in 0.00 ms.
Unloading 1788 Unused Serialized files (Serialized files now loaded: 0)
System memory in use before: 84.3 MB.
System memory in use after: 84.3 MB.

Unloading 12 unused Assets to reduce memory usage. Loaded Objects now: 2249.
Total: 1.558600 ms (FindLiveObjects: 0.170300 ms CreateObjectMapping: 0.064400 ms MarkObjects: 1.246000 ms  DeleteObjects: 0.077000 ms)

========================================================================
Received Import Request.
  Time since last request: 26.009363 seconds.
  path: Assets/Input/day19input.txt
  artifactKey: Guid(841e06b1573392449885746e86e96218) Importer(815301076,1909f56bfc062723c751e8b465ee728b)
Start importing Assets/Input/day19input.txt using Guid(841e06b1573392449885746e86e96218) Importer(815301076,1909f56bfc062723c751e8b465ee728b)  -> (artifact id: '36bf41e008af36eec203734e00ddae3e') in 0.007719 seconds
  Import took 0.010867 seconds .

========================================================================
Received Prepare
Registering precompiled user dll's ...
Registered in 0.000701 seconds.
Begin MonoManager ReloadAssembly
Native extension for WindowsStandalone target not found
Native extension for WebGL target not found
Refreshing native plugins compatible for Editor in 0.27 ms, found 1 plugins.
Preloading 0 native plugins for Editor in 0.00 ms.
Invoked RoslynAnalysisRunner static constructor.
RoslynAnalysisRunner will not be running.
RoslynAnalysisRunner has terminated.
Mono: successfully reloaded assembly
- Completed reload, in  0.613 seconds
Platform modules already initialized, skipping
Refreshing native plugins compatible for Editor in 0.25 ms, found 1 plugins.
Preloading 0 native plugins for Editor in 0.00 ms.
Unloading 1788 Unused Serialized files (Serialized files now loaded: 0)
System memory in use before: 84.3 MB.
System memory in use after: 84.3 MB.

Unloading 12 unused Assets to reduce memory usage. Loaded Objects now: 2252.
Total: 1.528200 ms (FindLiveObjects: 0.127300 ms CreateObjectMapping: 0.045700 ms MarkObjects: 1.277700 ms  DeleteObjects: 0.076800 ms)

========================================================================
Received Prepare
Registering precompiled user dll's ...
Registered in 0.000718 seconds.
Begin MonoManager ReloadAssembly
Native extension for WindowsStandalone target not found
Native extension for WebGL target not found
Refreshing native plugins compatible for Editor in 0.26 ms, found 1 plugins.
Preloading 0 native plugins for Editor in 0.00 ms.
Invoked RoslynAnalysisRunner static constructor.
RoslynAnalysisRunner will not be running.
RoslynAnalysisRunner has terminated.
Mono: successfully reloaded assembly
- Completed reload, in  0.634 seconds
Platform modules already initialized, skipping
Refreshing native plugins compatible for Editor in 0.25 ms, found 1 plugins.
Preloading 0 native plugins for Editor in 0.00 ms.
Unloading 1788 Unused Serialized files (Serialized files now loaded: 0)
System memory in use before: 84.3 MB.
System memory in use after: 84.3 MB.

Unloading 12 unused Assets to reduce memory usage. Loaded Objects now: 2255.
Total: 1.391200 ms (FindLiveObjects: 0.131500 ms CreateObjectMapping: 0.048700 ms MarkObjects: 1.137400 ms  DeleteObjects: 0.073000 ms)

========================================================================
Received Prepare
Registering precompiled user dll's ...
Registered in 0.000803 seconds.
Begin MonoManager ReloadAssembly
Native extension for WindowsStandalone target not found
Native extension for WebGL target not found
Refreshing native plugins compatible for Editor in 0.26 ms, found 1 plugins.
Preloading 0 native plugins for Editor in 0.00 ms.
Invoked RoslynAnalysisRunner static constructor.
RoslynAnalysisRunner will not be running.
RoslynAnalysisRunner has terminated.
Mono: successfully reloaded assembly
- Completed reload, in  0.717 seconds
Platform modules already initialized, skipping
Refreshing native plugins compatible for Editor in 0.27 ms, found 1 plugins.
Preloading 0 native plugins for Editor in 0.00 ms.
Unloading 1788 Unused Serialized files (Serialized files now loaded: 0)
System memory in use before: 84.3 MB.
System memory in use after: 84.3 MB.

Unloading 12 unused Assets to reduce memory usage. Loaded Objects now: 2258.
Total: 1.752000 ms (FindLiveObjects: 0.247500 ms CreateObjectMapping: 0.074900 ms MarkObjects: 1.344500 ms  DeleteObjects: 0.084000 ms)

========================================================================
Received Prepare
Registering precompiled user dll's ...
Registered in 0.000736 seconds.
Begin MonoManager ReloadAssembly
Native extension for WindowsStandalone target not found
Native extension for WebGL target not found
Refreshing native plugins compatible for Editor in 0.26 ms, found 1 plugins.
Preloading 0 native plugins for Editor in 0.00 ms.
Invoked RoslynAnalysisRunner static constructor.
RoslynAnalysisRunner will not be running.
RoslynAnalysisRunner has terminated.
Mono: successfully reloaded assembly
- Completed reload, in  0.651 seconds
Platform modules already initialized, skipping
Refreshing native plugins compatible for Editor in 0.26 ms, found 1 plugins.
Preloading 0 native plugins for Editor in 0.00 ms.
Unloading 1788 Unused Serialized files (Serialized files now loaded: 0)
System memory in use before: 84.3 MB.
System memory in use after: 84.3 MB.

Unloading 12 unused Assets to reduce memory usage. Loaded Objects now: 2261.
Total: 1.914700 ms (FindLiveObjects: 0.152900 ms CreateObjectMapping: 0.055100 ms MarkObjects: 1.554800 ms  DeleteObjects: 0.150800 ms)

========================================================================
Received Prepare
Registering precompiled user dll's ...
Registered in 0.001077 seconds.
Begin MonoManager ReloadAssembly
Native extension for WindowsStandalone target not found
Native extension for WebGL target not found
Refreshing native plugins compatible for Editor in 0.27 ms, found 1 plugins.
Preloading 0 native plugins for Editor in 0.00 ms.
Invoked RoslynAnalysisRunner static constructor.
RoslynAnalysisRunner will not be running.
RoslynAnalysisRunner has terminated.
Mono: successfully reloaded assembly
- Completed reload, in  0.628 seconds
Platform modules already initialized, skipping
Refreshing native plugins compatible for Editor in 0.26 ms, found 1 plugins.
Preloading 0 native plugins for Editor in 0.00 ms.
Unloading 1788 Unused Serialized files (Serialized files now loaded: 0)
System memory in use before: 84.3 MB.
System memory in use after: 84.3 MB.

Unloading 12 unused Assets to reduce memory usage. Loaded Objects now: 2264.
Total: 1.398200 ms (FindLiveObjects: 0.145600 ms CreateObjectMapping: 0.052900 ms MarkObjects: 1.123400 ms  DeleteObjects: 0.075400 ms)

========================================================================
Received Prepare
Registering precompiled user dll's ...
Registered in 0.000742 seconds.
Begin MonoManager ReloadAssembly
Native extension for WindowsStandalone target not found
Native extension for WebGL target not found
Refreshing native plugins compatible for Editor in 0.27 ms, found 1 plugins.
Preloading 0 native plugins for Editor in 0.00 ms.
Invoked RoslynAnalysisRunner static constructor.
RoslynAnalysisRunner will not be running.
RoslynAnalysisRunner has terminated.
Mono: successfully reloaded assembly
- Completed reload, in  0.698 seconds
Platform modules already initialized, skipping
Refreshing native plugins compatible for Editor in 0.26 ms, found 1 plugins.
Preloading 0 native plugins for Editor in 0.00 ms.
Unloading 1788 Unused Serialized files (Serialized files now loaded: 0)
System memory in use before: 84.3 MB.
System memory in use after: 84.3 MB.

Unloading 12 unused Assets to reduce memory usage. Loaded Objects now: 2267.
Total: 1.470900 ms (FindLiveObjects: 0.160700 ms CreateObjectMapping: 0.049000 ms MarkObjects: 1.180100 ms  DeleteObjects: 0.080300 ms)

========================================================================
Received Prepare
Registering precompiled user dll's ...
Registered in 0.000740 seconds.
Begin MonoManager ReloadAssembly
Native extension for WindowsStandalone target not found
Native extension for WebGL target not found
Refreshing native plugins compatible for Editor in 0.29 ms, found 1 plugins.
Preloading 0 native plugins for Editor in 0.00 ms.
Invoked RoslynAnalysisRunner static constructor.
RoslynAnalysisRunner will not be running.
RoslynAnalysisRunner has terminated.
Mono: successfully reloaded assembly
- Completed reload, in  0.678 seconds
Platform modules already initialized, skipping
Refreshing native plugins compatible for Editor in 0.26 ms, found 1 plugins.
Preloading 0 native plugins for Editor in 0.00 ms.
Unloading 1788 Unused Serialized files (Serialized files now loaded: 0)
System memory in use before: 84.3 MB.
System memory in use after: 84.3 MB.

Unloading 12 unused Assets to reduce memory usage. Loaded Objects now: 2270.
Total: 1.700200 ms (FindLiveObjects: 0.225400 ms CreateObjectMapping: 0.065700 ms MarkObjects: 1.329200 ms  DeleteObjects: 0.079100 ms)

========================================================================
Received Prepare
Registering precompiled user dll's ...
Registered in 0.270192 seconds.
Begin MonoManager ReloadAssembly
Native extension for WindowsStandalone target not found
Native extension for WebGL target not found
Refreshing native plugins compatible for Editor in 0.33 ms, found 1 plugins.
Preloading 0 native plugins for Editor in 0.00 ms.
Invoked RoslynAnalysisRunner static constructor.
RoslynAnalysisRunner will not be running.
RoslynAnalysisRunner has terminated.
Mono: successfully reloaded assembly
- Completed reload, in  1.634 seconds
Platform modules already initialized, skipping
Refreshing native plugins compatible for Editor in 0.45 ms, found 1 plugins.
Preloading 0 native plugins for Editor in 0.00 ms.
Unloading 1788 Unused Serialized files (Serialized files now loaded: 0)
System memory in use before: 84.3 MB.
System memory in use after: 84.3 MB.

Unloading 12 unused Assets to reduce memory usage. Loaded Objects now: 2273.
Total: 2.213000 ms (FindLiveObjects: 0.248600 ms CreateObjectMapping: 0.071400 ms MarkObjects: 1.722500 ms  DeleteObjects: 0.169200 ms)

========================================================================
Received Prepare
Registering precompiled user dll's ...
Registered in 0.000729 seconds.
Begin MonoManager ReloadAssembly
Native extension for WindowsStandalone target not found
Native extension for WebGL target not found
Refreshing native plugins compatible for Editor in 0.31 ms, found 1 plugins.
Preloading 0 native plugins for Editor in 0.00 ms.
Invoked RoslynAnalysisRunner static constructor.
RoslynAnalysisRunner will not be running.
RoslynAnalysisRunner has terminated.
Mono: successfully reloaded assembly
- Completed reload, in  0.718 seconds
Platform modules already initialized, skipping
Refreshing native plugins compatible for Editor in 0.32 ms, found 1 plugins.
Preloading 0 native plugins for Editor in 0.00 ms.
Unloading 1788 Unused Serialized files (Serialized files now loaded: 0)
System memory in use before: 84.4 MB.
System memory in use after: 84.3 MB.

Unloading 12 unused Assets to reduce memory usage. Loaded Objects now: 2276.
Total: 1.566300 ms (FindLiveObjects: 0.153500 ms CreateObjectMapping: 0.055000 ms MarkObjects: 1.268300 ms  DeleteObjects: 0.088700 ms)

========================================================================
Received Prepare
Registering precompiled user dll's ...
Registered in 0.000947 seconds.
Begin MonoManager ReloadAssembly
Native extension for WindowsStandalone target not found
Native extension for WebGL target not found
Refreshing native plugins compatible for Editor in 0.26 ms, found 1 plugins.
Preloading 0 native plugins for Editor in 0.00 ms.
Invoked RoslynAnalysisRunner static constructor.
RoslynAnalysisRunner will not be running.
RoslynAnalysisRunner has terminated.
Mono: successfully reloaded assembly
- Completed reload, in  0.664 seconds
Platform modules already initialized, skipping
Refreshing native plugins compatible for Editor in 0.26 ms, found 1 plugins.
Preloading 0 native plugins for Editor in 0.00 ms.
Unloading 1788 Unused Serialized files (Serialized files now loaded: 0)
System memory in use before: 84.4 MB.
System memory in use after: 84.4 MB.

Unloading 12 unused Assets to reduce memory usage. Loaded Objects now: 2279.
Total: 2.550800 ms (FindLiveObjects: 0.242300 ms CreateObjectMapping: 0.101600 ms MarkObjects: 2.090000 ms  DeleteObjects: 0.115500 ms)

========================================================================
Received Prepare
Registering precompiled user dll's ...
Registered in 0.000801 seconds.
Begin MonoManager ReloadAssembly
Native extension for WindowsStandalone target not found
Native extension for WebGL target not found
Refreshing native plugins compatible for Editor in 0.26 ms, found 1 plugins.
Preloading 0 native plugins for Editor in 0.00 ms.
Invoked RoslynAnalysisRunner static constructor.
RoslynAnalysisRunner will not be running.
RoslynAnalysisRunner has terminated.
Mono: successfully reloaded assembly
- Completed reload, in  0.642 seconds
Platform modules already initialized, skipping
Refreshing native plugins compatible for Editor in 0.26 ms, found 1 plugins.
Preloading 0 native plugins for Editor in 0.00 ms.
Unloading 1788 Unused Serialized files (Serialized files now loaded: 0)
System memory in use before: 84.4 MB.
System memory in use after: 84.4 MB.

Unloading 12 unused Assets to reduce memory usage. Loaded Objects now: 2282.
Total: 1.544600 ms (FindLiveObjects: 0.159200 ms CreateObjectMapping: 0.054600 ms MarkObjects: 1.252200 ms  DeleteObjects: 0.077500 ms)

========================================================================
Received Prepare
Registering precompiled user dll's ...
Registered in 0.000735 seconds.
Begin MonoManager ReloadAssembly
Native extension for WindowsStandalone target not found
Native extension for WebGL target not found
Refreshing native plugins compatible for Editor in 0.30 ms, found 1 plugins.
Preloading 0 native plugins for Editor in 0.00 ms.
Invoked RoslynAnalysisRunner static constructor.
RoslynAnalysisRunner will not be running.
RoslynAnalysisRunner has terminated.
Mono: successfully reloaded assembly
- Completed reload, in  0.714 seconds
Platform modules already initialized, skipping
Refreshing native plugins compatible for Editor in 0.26 ms, found 1 plugins.
Preloading 0 native plugins for Editor in 0.00 ms.
Unloading 1788 Unused Serialized files (Serialized files now loaded: 0)
System memory in use before: 84.4 MB.
System memory in use after: 84.4 MB.

Unloading 12 unused Assets to reduce memory usage. Loaded Objects now: 2285.
Total: 1.554900 ms (FindLiveObjects: 0.150300 ms CreateObjectMapping: 0.054300 ms MarkObjects: 1.268300 ms  DeleteObjects: 0.081300 ms)

========================================================================
Received Prepare
Registering precompiled user dll's ...
Registered in 0.000735 seconds.
Begin MonoManager ReloadAssembly
Native extension for WindowsStandalone target not found
Native extension for WebGL target not found
Refreshing native plugins compatible for Editor in 0.28 ms, found 1 plugins.
Preloading 0 native plugins for Editor in 0.00 ms.
Invoked RoslynAnalysisRunner static constructor.
RoslynAnalysisRunner will not be running.
RoslynAnalysisRunner has terminated.
Mono: successfully reloaded assembly
- Completed reload, in  0.729 seconds
Platform modules already initialized, skipping
Refreshing native plugins compatible for Editor in 0.42 ms, found 1 plugins.
Preloading 0 native plugins for Editor in 0.00 ms.
Unloading 1788 Unused Serialized files (Serialized files now loaded: 0)
System memory in use before: 84.4 MB.
System memory in use after: 84.4 MB.

Unloading 12 unused Assets to reduce memory usage. Loaded Objects now: 2288.
Total: 1.654800 ms (FindLiveObjects: 0.152100 ms CreateObjectMapping: 0.063400 ms MarkObjects: 1.337900 ms  DeleteObjects: 0.100500 ms)

========================================================================
Received Prepare
Registering precompiled user dll's ...
Registered in 0.001109 seconds.
Begin MonoManager ReloadAssembly
Native extension for WindowsStandalone target not found
Native extension for WebGL target not found
Refreshing native plugins compatible for Editor in 0.28 ms, found 1 plugins.
Preloading 0 native plugins for Editor in 0.00 ms.
Invoked RoslynAnalysisRunner static constructor.
RoslynAnalysisRunner will not be running.
RoslynAnalysisRunner has terminated.
Mono: successfully reloaded assembly
- Completed reload, in  0.722 seconds
Platform modules already initialized, skipping
Refreshing native plugins compatible for Editor in 0.28 ms, found 1 plugins.
Preloading 0 native plugins for Editor in 0.00 ms.
Unloading 1788 Unused Serialized files (Serialized files now loaded: 0)
System memory in use before: 84.4 MB.
System memory in use after: 84.4 MB.

Unloading 12 unused Assets to reduce memory usage. Loaded Objects now: 2291.
Total: 1.843900 ms (FindLiveObjects: 0.267000 ms CreateObjectMapping: 0.082900 ms MarkObjects: 1.411100 ms  DeleteObjects: 0.082100 ms)

========================================================================
Received Prepare
Registering precompiled user dll's ...
Registered in 0.000758 seconds.
Begin MonoManager ReloadAssembly
Native extension for WindowsStandalone target not found
Native extension for WebGL target not found
Refreshing native plugins compatible for Editor in 0.31 ms, found 1 plugins.
Preloading 0 native plugins for Editor in 0.00 ms.
Invoked RoslynAnalysisRunner static constructor.
RoslynAnalysisRunner will not be running.
RoslynAnalysisRunner has terminated.
Mono: successfully reloaded assembly
- Completed reload, in  0.737 seconds
Platform modules already initialized, skipping
Refreshing native plugins compatible for Editor in 0.29 ms, found 1 plugins.
Preloading 0 native plugins for Editor in 0.00 ms.
Unloading 1788 Unused Serialized files (Serialized files now loaded: 0)
System memory in use before: 84.4 MB.
System memory in use after: 84.4 MB.

Unloading 12 unused Assets to reduce memory usage. Loaded Objects now: 2294.
Total: 1.767500 ms (FindLiveObjects: 0.218000 ms CreateObjectMapping: 0.061400 ms MarkObjects: 1.362200 ms  DeleteObjects: 0.124600 ms)

========================================================================
Received Prepare
Registering precompiled user dll's ...
Registered in 0.000829 seconds.
Begin MonoManager ReloadAssembly
Native extension for WindowsStandalone target not found
Native extension for WebGL target not found
Refreshing native plugins compatible for Editor in 0.27 ms, found 1 plugins.
Preloading 0 native plugins for Editor in 0.00 ms.
Invoked RoslynAnalysisRunner static constructor.
RoslynAnalysisRunner will not be running.
RoslynAnalysisRunner has terminated.
Mono: successfully reloaded assembly
- Completed reload, in  0.811 seconds
Platform modules already initialized, skipping
Refreshing native plugins compatible for Editor in 0.26 ms, found 1 plugins.
Preloading 0 native plugins for Editor in 0.00 ms.
Unloading 1788 Unused Serialized files (Serialized files now loaded: 0)
System memory in use before: 84.4 MB.
System memory in use after: 84.4 MB.

Unloading 12 unused Assets to reduce memory usage. Loaded Objects now: 2297.
Total: 1.719400 ms (FindLiveObjects: 0.180600 ms CreateObjectMapping: 0.062700 ms MarkObjects: 1.371800 ms  DeleteObjects: 0.103000 ms)

========================================================================
Received Prepare
Registering precompiled user dll's ...
Registered in 0.000771 seconds.
Begin MonoManager ReloadAssembly
Native extension for WindowsStandalone target not found
Native extension for WebGL target not found
Refreshing native plugins compatible for Editor in 0.29 ms, found 1 plugins.
Preloading 0 native plugins for Editor in 0.00 ms.
Invoked RoslynAnalysisRunner static constructor.
RoslynAnalysisRunner will not be running.
RoslynAnalysisRunner has terminated.
Mono: successfully reloaded assembly
- Completed reload, in  0.693 seconds
Platform modules already initialized, skipping
Refreshing native plugins compatible for Editor in 0.26 ms, found 1 plugins.
Preloading 0 native plugins for Editor in 0.00 ms.
Unloading 1788 Unused Serialized files (Serialized files now loaded: 0)
System memory in use before: 84.4 MB.
System memory in use after: 84.4 MB.

Unloading 12 unused Assets to reduce memory usage. Loaded Objects now: 2300.
Total: 1.485700 ms (FindLiveObjects: 0.151700 ms CreateObjectMapping: 0.050700 ms MarkObjects: 1.183900 ms  DeleteObjects: 0.098800 ms)

========================================================================
Received Prepare
Registering precompiled user dll's ...
Registered in 0.000714 seconds.
Begin MonoManager ReloadAssembly
Native extension for WindowsStandalone target not found
Native extension for WebGL target not found
Refreshing native plugins compatible for Editor in 0.29 ms, found 1 plugins.
Preloading 0 native plugins for Editor in 0.00 ms.
Invoked RoslynAnalysisRunner static constructor.
RoslynAnalysisRunner will not be running.
RoslynAnalysisRunner has terminated.
Mono: successfully reloaded assembly
- Completed reload, in  0.669 seconds
Platform modules already initialized, skipping
Refreshing native plugins compatible for Editor in 0.27 ms, found 1 plugins.
Preloading 0 native plugins for Editor in 0.00 ms.
Unloading 1788 Unused Serialized files (Serialized files now loaded: 0)
System memory in use before: 84.4 MB.
System memory in use after: 84.4 MB.

Unloading 12 unused Assets to reduce memory usage. Loaded Objects now: 2303.
Total: 1.394200 ms (FindLiveObjects: 0.141000 ms CreateObjectMapping: 0.058000 ms MarkObjects: 1.122000 ms  DeleteObjects: 0.072700 ms)

========================================================================
Received Prepare
Registering precompiled user dll's ...
Registered in 0.000883 seconds.
Begin MonoManager ReloadAssembly
Native extension for WindowsStandalone target not found
Native extension for WebGL target not found
Refreshing native plugins compatible for Editor in 0.26 ms, found 1 plugins.
Preloading 0 native plugins for Editor in 0.00 ms.
Invoked RoslynAnalysisRunner static constructor.
RoslynAnalysisRunner will not be running.
RoslynAnalysisRunner has terminated.
Mono: successfully reloaded assembly
- Completed reload, in  0.690 seconds
Platform modules already initialized, skipping
Refreshing native plugins compatible for Editor in 0.25 ms, found 1 plugins.
Preloading 0 native plugins for Editor in 0.00 ms.
Unloading 1788 Unused Serialized files (Serialized files now loaded: 0)
System memory in use before: 84.4 MB.
System memory in use after: 84.4 MB.

Unloading 12 unused Assets to reduce memory usage. Loaded Objects now: 2306.
Total: 1.418000 ms (FindLiveObjects: 0.164400 ms CreateObjectMapping: 0.055200 ms MarkObjects: 1.116400 ms  DeleteObjects: 0.081200 ms)

========================================================================
Received Prepare
Registering precompiled user dll's ...
Registered in 0.000747 seconds.
Begin MonoManager ReloadAssembly
Native extension for WindowsStandalone target not found
Native extension for WebGL target not found
Refreshing native plugins compatible for Editor in 0.41 ms, found 1 plugins.
Preloading 0 native plugins for Editor in 0.00 ms.
Invoked RoslynAnalysisRunner static constructor.
RoslynAnalysisRunner will not be running.
RoslynAnalysisRunner has terminated.
Mono: successfully reloaded assembly
- Completed reload, in  0.694 seconds
Platform modules already initialized, skipping
Refreshing native plugins compatible for Editor in 0.29 ms, found 1 plugins.
Preloading 0 native plugins for Editor in 0.00 ms.
Unloading 1788 Unused Serialized files (Serialized files now loaded: 0)
System memory in use before: 84.5 MB.
System memory in use after: 84.5 MB.

Unloading 12 unused Assets to reduce memory usage. Loaded Objects now: 2309.
Total: 1.618700 ms (FindLiveObjects: 0.217900 ms CreateObjectMapping: 0.074400 ms MarkObjects: 1.229000 ms  DeleteObjects: 0.096600 ms)

========================================================================
Received Prepare
Registering precompiled user dll's ...
Registered in 0.000721 seconds.
Begin MonoManager ReloadAssembly
Native extension for WindowsStandalone target not found
Native extension for WebGL target not found
Refreshing native plugins compatible for Editor in 0.32 ms, found 1 plugins.
Preloading 0 native plugins for Editor in 0.00 ms.
Invoked RoslynAnalysisRunner static constructor.
RoslynAnalysisRunner will not be running.
RoslynAnalysisRunner has terminated.
Mono: successfully reloaded assembly
- Completed reload, in  0.752 seconds
Platform modules already initialized, skipping
Refreshing native plugins compatible for Editor in 0.28 ms, found 1 plugins.
Preloading 0 native plugins for Editor in 0.00 ms.
Unloading 1788 Unused Serialized files (Serialized files now loaded: 0)
System memory in use before: 84.5 MB.
System memory in use after: 84.5 MB.

Unloading 12 unused Assets to reduce memory usage. Loaded Objects now: 2312.
Total: 1.404500 ms (FindLiveObjects: 0.148000 ms CreateObjectMapping: 0.053200 ms MarkObjects: 1.123600 ms  DeleteObjects: 0.078900 ms)

========================================================================
Received Prepare
Registering precompiled user dll's ...
Registered in 0.000719 seconds.
Begin MonoManager ReloadAssembly
Native extension for WindowsStandalone target not found
Native extension for WebGL target not found
Refreshing native plugins compatible for Editor in 0.26 ms, found 1 plugins.
Preloading 0 native plugins for Editor in 0.00 ms.
Invoked RoslynAnalysisRunner static constructor.
RoslynAnalysisRunner will not be running.
RoslynAnalysisRunner has terminated.
Mono: successfully reloaded assembly
- Completed reload, in  0.639 seconds
Platform modules already initialized, skipping
Refreshing native plugins compatible for Editor in 0.25 ms, found 1 plugins.
Preloading 0 native plugins for Editor in 0.00 ms.
Unloading 1788 Unused Serialized files (Serialized files now loaded: 0)
System memory in use before: 84.5 MB.
System memory in use after: 84.5 MB.

Unloading 12 unused Assets to reduce memory usage. Loaded Objects now: 2315.
Total: 1.409600 ms (FindLiveObjects: 0.161200 ms CreateObjectMapping: 0.048100 ms MarkObjects: 1.122200 ms  DeleteObjects: 0.077500 ms)

========================================================================
Received Prepare
Registering precompiled user dll's ...
Registered in 0.000937 seconds.
Begin MonoManager ReloadAssembly
Native extension for WindowsStandalone target not found
Native extension for WebGL target not found
Refreshing native plugins compatible for Editor in 0.26 ms, found 1 plugins.
Preloading 0 native plugins for Editor in 0.00 ms.
Invoked RoslynAnalysisRunner static constructor.
RoslynAnalysisRunner will not be running.
RoslynAnalysisRunner has terminated.
Mono: successfully reloaded assembly
- Completed reload, in  0.643 seconds
Platform modules already initialized, skipping
Refreshing native plugins compatible for Editor in 0.27 ms, found 1 plugins.
Preloading 0 native plugins for Editor in 0.00 ms.
Unloading 1788 Unused Serialized files (Serialized files now loaded: 0)
System memory in use before: 84.5 MB.
System memory in use after: 84.5 MB.

Unloading 12 unused Assets to reduce memory usage. Loaded Objects now: 2318.
Total: 1.464000 ms (FindLiveObjects: 0.148000 ms CreateObjectMapping: 0.054100 ms MarkObjects: 1.184100 ms  DeleteObjects: 0.077100 ms)

========================================================================
Received Prepare
Registering precompiled user dll's ...
Registered in 0.000960 seconds.
Begin MonoManager ReloadAssembly
Native extension for WindowsStandalone target not found
Native extension for WebGL target not found
Refreshing native plugins compatible for Editor in 0.35 ms, found 1 plugins.
Preloading 0 native plugins for Editor in 0.00 ms.
Invoked RoslynAnalysisRunner static constructor.
RoslynAnalysisRunner will not be running.
RoslynAnalysisRunner has terminated.
Mono: successfully reloaded assembly
- Completed reload, in  0.650 seconds
Platform modules already initialized, skipping
Refreshing native plugins compatible for Editor in 0.25 ms, found 1 plugins.
Preloading 0 native plugins for Editor in 0.00 ms.
Unloading 1788 Unused Serialized files (Serialized files now loaded: 0)
System memory in use before: 84.5 MB.
System memory in use after: 84.5 MB.

Unloading 12 unused Assets to reduce memory usage. Loaded Objects now: 2321.
Total: 1.475600 ms (FindLiveObjects: 0.150600 ms CreateObjectMapping: 0.047700 ms MarkObjects: 1.201800 ms  DeleteObjects: 0.074600 ms)

========================================================================
Received Prepare
Registering precompiled user dll's ...
Registered in 0.000728 seconds.
Begin MonoManager ReloadAssembly
Native extension for WindowsStandalone target not found
Native extension for WebGL target not found
Refreshing native plugins compatible for Editor in 0.30 ms, found 1 plugins.
Preloading 0 native plugins for Editor in 0.00 ms.
Invoked RoslynAnalysisRunner static constructor.
RoslynAnalysisRunner will not be running.
RoslynAnalysisRunner has terminated.
Mono: successfully reloaded assembly
- Completed reload, in  0.692 seconds
Platform modules already initialized, skipping
Refreshing native plugins compatible for Editor in 0.26 ms, found 1 plugins.
Preloading 0 native plugins for Editor in 0.00 ms.
Unloading 1788 Unused Serialized files (Serialized files now loaded: 0)
System memory in use before: 84.5 MB.
System memory in use after: 84.5 MB.

Unloading 12 unused Assets to reduce memory usage. Loaded Objects now: 2324.
Total: 1.564900 ms (FindLiveObjects: 0.171200 ms CreateObjectMapping: 0.071500 ms MarkObjects: 1.237400 ms  DeleteObjects: 0.084200 ms)

========================================================================
Received Prepare
Registering precompiled user dll's ...
Registered in 0.000745 seconds.
Begin MonoManager ReloadAssembly
Native extension for WindowsStandalone target not found
Native extension for WebGL target not found
Refreshing native plugins compatible for Editor in 0.32 ms, found 1 plugins.
Preloading 0 native plugins for Editor in 0.00 ms.
Invoked RoslynAnalysisRunner static constructor.
RoslynAnalysisRunner will not be running.
RoslynAnalysisRunner has terminated.
Mono: successfully reloaded assembly
- Completed reload, in  0.671 seconds
Platform modules already initialized, skipping
Refreshing native plugins compatible for Editor in 0.25 ms, found 1 plugins.
Preloading 0 native plugins for Editor in 0.00 ms.
Unloading 1788 Unused Serialized files (Serialized files now loaded: 0)
System memory in use before: 84.5 MB.
System memory in use after: 84.5 MB.

Unloading 12 unused Assets to reduce memory usage. Loaded Objects now: 2327.
Total: 1.588200 ms (FindLiveObjects: 0.159900 ms CreateObjectMapping: 0.055000 ms MarkObjects: 1.294400 ms  DeleteObjects: 0.078200 ms)

========================================================================
Received Prepare
Registering precompiled user dll's ...
Registered in 0.000765 seconds.
Begin MonoManager ReloadAssembly
Native extension for WindowsStandalone target not found
Native extension for WebGL target not found
Refreshing native plugins compatible for Editor in 0.26 ms, found 1 plugins.
Preloading 0 native plugins for Editor in 0.00 ms.
Invoked RoslynAnalysisRunner static constructor.
RoslynAnalysisRunner will not be running.
RoslynAnalysisRunner has terminated.
Mono: successfully reloaded assembly
- Completed reload, in  0.624 seconds
Platform modules already initialized, skipping
Refreshing native plugins compatible for Editor in 0.26 ms, found 1 plugins.
Preloading 0 native plugins for Editor in 0.00 ms.
Unloading 1788 Unused Serialized files (Serialized files now loaded: 0)
System memory in use before: 84.5 MB.
System memory in use after: 84.5 MB.

Unloading 12 unused Assets to reduce memory usage. Loaded Objects now: 2330.
Total: 1.593400 ms (FindLiveObjects: 0.146100 ms CreateObjectMapping: 0.051400 ms MarkObjects: 1.313300 ms  DeleteObjects: 0.081800 ms)

========================================================================
Received Prepare
Registering precompiled user dll's ...
Registered in 0.000830 seconds.
Begin MonoManager ReloadAssembly
Native extension for WindowsStandalone target not found
Native extension for WebGL target not found
Refreshing native plugins compatible for Editor in 0.26 ms, found 1 plugins.
Preloading 0 native plugins for Editor in 0.00 ms.
Invoked RoslynAnalysisRunner static constructor.
RoslynAnalysisRunner will not be running.
RoslynAnalysisRunner has terminated.
Mono: successfully reloaded assembly
- Completed reload, in  0.712 seconds
Platform modules already initialized, skipping
Refreshing native plugins compatible for Editor in 0.28 ms, found 1 plugins.
Preloading 0 native plugins for Editor in 0.00 ms.
Unloading 1788 Unused Serialized files (Serialized files now loaded: 0)
System memory in use before: 84.5 MB.
System memory in use after: 84.5 MB.

Unloading 12 unused Assets to reduce memory usage. Loaded Objects now: 2333.
Total: 1.699000 ms (FindLiveObjects: 0.145800 ms CreateObjectMapping: 0.054800 ms MarkObjects: 1.413700 ms  DeleteObjects: 0.083500 ms)

========================================================================
Received Prepare
Registering precompiled user dll's ...
Registered in 0.001069 seconds.
Begin MonoManager ReloadAssembly
Native extension for WindowsStandalone target not found
Native extension for WebGL target not found
Refreshing native plugins compatible for Editor in 0.34 ms, found 1 plugins.
Preloading 0 native plugins for Editor in 0.00 ms.
Invoked RoslynAnalysisRunner static constructor.
RoslynAnalysisRunner will not be running.
RoslynAnalysisRunner has terminated.
Mono: successfully reloaded assembly
- Completed reload, in  0.721 seconds
Platform modules already initialized, skipping
Refreshing native plugins compatible for Editor in 0.29 ms, found 1 plugins.
Preloading 0 native plugins for Editor in 0.00 ms.
Unloading 1788 Unused Serialized files (Serialized files now loaded: 0)
System memory in use before: 84.5 MB.
System memory in use after: 84.5 MB.

Unloading 12 unused Assets to reduce memory usage. Loaded Objects now: 2336.
Total: 1.536200 ms (FindLiveObjects: 0.162100 ms CreateObjectMapping: 0.058500 ms MarkObjects: 1.236400 ms  DeleteObjects: 0.078300 ms)

========================================================================
Received Prepare
Registering precompiled user dll's ...
Registered in 0.000785 seconds.
Begin MonoManager ReloadAssembly
Native extension for WindowsStandalone target not found
Native extension for WebGL target not found
Refreshing native plugins compatible for Editor in 0.30 ms, found 1 plugins.
Preloading 0 native plugins for Editor in 0.00 ms.
Invoked RoslynAnalysisRunner static constructor.
RoslynAnalysisRunner will not be running.
RoslynAnalysisRunner has terminated.
Mono: successfully reloaded assembly
- Completed reload, in  0.736 seconds
Platform modules already initialized, skipping
Refreshing native plugins compatible for Editor in 0.26 ms, found 1 plugins.
Preloading 0 native plugins for Editor in 0.00 ms.
Unloading 1788 Unused Serialized files (Serialized files now loaded: 0)
System memory in use before: 84.5 MB.
System memory in use after: 84.5 MB.

Unloading 12 unused Assets to reduce memory usage. Loaded Objects now: 2339.
Total: 1.630000 ms (FindLiveObjects: 0.174500 ms CreateObjectMapping: 0.091500 ms MarkObjects: 1.283300 ms  DeleteObjects: 0.080000 ms)

========================================================================
Received Prepare
Registering precompiled user dll's ...
Registered in 0.000869 seconds.
Begin MonoManager ReloadAssembly
Native extension for WindowsStandalone target not found
Native extension for WebGL target not found
Refreshing native plugins compatible for Editor in 0.26 ms, found 1 plugins.
Preloading 0 native plugins for Editor in 0.00 ms.
Invoked RoslynAnalysisRunner static constructor.
RoslynAnalysisRunner will not be running.
RoslynAnalysisRunner has terminated.
Mono: successfully reloaded assembly
- Completed reload, in  0.640 seconds
Platform modules already initialized, skipping
Refreshing native plugins compatible for Editor in 0.24 ms, found 1 plugins.
Preloading 0 native plugins for Editor in 0.00 ms.
Unloading 1788 Unused Serialized files (Serialized files now loaded: 0)
System memory in use before: 84.5 MB.
System memory in use after: 84.5 MB.

Unloading 12 unused Assets to reduce memory usage. Loaded Objects now: 2342.
Total: 1.580500 ms (FindLiveObjects: 0.158500 ms CreateObjectMapping: 0.063900 ms MarkObjects: 1.278500 ms  DeleteObjects: 0.078800 ms)

========================================================================
Received Prepare
Registering precompiled user dll's ...
Registered in 0.000720 seconds.
Begin MonoManager ReloadAssembly
Native extension for WindowsStandalone target not found
Native extension for WebGL target not found
Refreshing native plugins compatible for Editor in 0.26 ms, found 1 plugins.
Preloading 0 native plugins for Editor in 0.00 ms.
Invoked RoslynAnalysisRunner static constructor.
RoslynAnalysisRunner will not be running.
RoslynAnalysisRunner has terminated.
Mono: successfully reloaded assembly
- Completed reload, in  0.656 seconds
Platform modules already initialized, skipping
Refreshing native plugins compatible for Editor in 0.26 ms, found 1 plugins.
Preloading 0 native plugins for Editor in 0.00 ms.
Unloading 1788 Unused Serialized files (Serialized files now loaded: 0)
System memory in use before: 84.5 MB.
System memory in use after: 84.5 MB.

Unloading 12 unused Assets to reduce memory usage. Loaded Objects now: 2345.
Total: 1.566800 ms (FindLiveObjects: 0.248000 ms CreateObjectMapping: 0.046800 ms MarkObjects: 1.195200 ms  DeleteObjects: 0.075900 ms)

========================================================================
Received Prepare
Registering precompiled user dll's ...
Registered in 0.000752 seconds.
Begin MonoManager ReloadAssembly
Native extension for WindowsStandalone target not found
Native extension for WebGL target not found
Refreshing native plugins compatible for Editor in 0.31 ms, found 1 plugins.
Preloading 0 native plugins for Editor in 0.00 ms.
Invoked RoslynAnalysisRunner static constructor.
RoslynAnalysisRunner will not be running.
RoslynAnalysisRunner has terminated.
Mono: successfully reloaded assembly
- Completed reload, in  0.716 seconds
Platform modules already initialized, skipping
Refreshing native plugins compatible for Editor in 0.32 ms, found 1 plugins.
Preloading 0 native plugins for Editor in 0.00 ms.
Unloading 1788 Unused Serialized files (Serialized files now loaded: 0)
System memory in use before: 84.6 MB.
System memory in use after: 84.5 MB.

Unloading 12 unused Assets to reduce memory usage. Loaded Objects now: 2348.
Total: 1.802600 ms (FindLiveObjects: 0.171400 ms CreateObjectMapping: 0.062000 ms MarkObjects: 1.458600 ms  DeleteObjects: 0.109700 ms)

========================================================================
Received Prepare
Registering precompiled user dll's ...
Registered in 0.000740 seconds.
Begin MonoManager ReloadAssembly
Native extension for WindowsStandalone target not found
Native extension for WebGL target not found
Refreshing native plugins compatible for Editor in 0.29 ms, found 1 plugins.
Preloading 0 native plugins for Editor in 0.00 ms.
Invoked RoslynAnalysisRunner static constructor.
RoslynAnalysisRunner will not be running.
RoslynAnalysisRunner has terminated.
Mono: successfully reloaded assembly
- Completed reload, in  0.715 seconds
Platform modules already initialized, skipping
Refreshing native plugins compatible for Editor in 0.33 ms, found 1 plugins.
Preloading 0 native plugins for Editor in 0.00 ms.
Unloading 1788 Unused Serialized files (Serialized files now loaded: 0)
System memory in use before: 84.6 MB.
System memory in use after: 84.6 MB.

Unloading 12 unused Assets to reduce memory usage. Loaded Objects now: 2351.
Total: 1.858400 ms (FindLiveObjects: 0.282100 ms CreateObjectMapping: 0.180500 ms MarkObjects: 1.310800 ms  DeleteObjects: 0.083700 ms)

========================================================================
Received Prepare
Registering precompiled user dll's ...
Registered in 0.000755 seconds.
Begin MonoManager ReloadAssembly
Native extension for WindowsStandalone target not found
Native extension for WebGL target not found
Refreshing native plugins compatible for Editor in 0.26 ms, found 1 plugins.
Preloading 0 native plugins for Editor in 0.00 ms.
Invoked RoslynAnalysisRunner static constructor.
RoslynAnalysisRunner will not be running.
RoslynAnalysisRunner has terminated.
Mono: successfully reloaded assembly
- Completed reload, in  0.701 seconds
Platform modules already initialized, skipping
Refreshing native plugins compatible for Editor in 0.29 ms, found 1 plugins.
Preloading 0 native plugins for Editor in 0.00 ms.
Unloading 1788 Unused Serialized files (Serialized files now loaded: 0)
System memory in use before: 84.6 MB.
System memory in use after: 84.6 MB.

Unloading 12 unused Assets to reduce memory usage. Loaded Objects now: 2354.
Total: 1.787900 ms (FindLiveObjects: 0.169700 ms CreateObjectMapping: 0.056600 ms MarkObjects: 1.474100 ms  DeleteObjects: 0.086300 ms)

========================================================================
Received Prepare
Registering precompiled user dll's ...
Registered in 0.000748 seconds.
Begin MonoManager ReloadAssembly
Native extension for WindowsStandalone target not found
Native extension for WebGL target not found
Refreshing native plugins compatible for Editor in 0.43 ms, found 1 plugins.
Preloading 0 native plugins for Editor in 0.00 ms.
Invoked RoslynAnalysisRunner static constructor.
RoslynAnalysisRunner will not be running.
RoslynAnalysisRunner has terminated.
Mono: successfully reloaded assembly
- Completed reload, in  0.736 seconds
Platform modules already initialized, skipping
Refreshing native plugins compatible for Editor in 0.27 ms, found 1 plugins.
Preloading 0 native plugins for Editor in 0.00 ms.
Unloading 1788 Unused Serialized files (Serialized files now loaded: 0)
System memory in use before: 84.6 MB.
System memory in use after: 84.6 MB.

Unloading 12 unused Assets to reduce memory usage. Loaded Objects now: 2357.
Total: 1.872100 ms (FindLiveObjects: 0.270600 ms CreateObjectMapping: 0.068400 ms MarkObjects: 1.448500 ms  DeleteObjects: 0.083400 ms)

AssetImportWorkerClient::OnTransportError - code=2 error=End of file
