Using pre-set license
Built from '2020.2/staging' branch; Version is '2020.2.3f1 (8ff31bc5bf5b) revision 9433883'; Using compiler version '192528614'; Build Type 'Release'
OS: 'Windows 10 Pro; OS build 19042.867; Version 2009; 64bit' Language: 'en' Physical Memory: 16336 MB
BatchMode: 1, IsHumanControllingUs: 0, StartBugReporterOnCrash: 0, Is64bit: 1, IsPro: 0

 COMMAND LINE ARGUMENTS:
C:\Program Files\Unity\Hub\Editor\2020.2.3f1\Editor\Unity.exe
-adb2
-batchMode
-noUpm
-name
AssetImportWorker0
-projectPath
G:/UnityProjects/AoC 2020/AoC 2020 Day 1 to 3
-logFile
Logs/AssetImportWorker0.log
-srvPort
57727
Successfully changed project path to: G:/UnityProjects/AoC 2020/AoC 2020 Day 1 to 3
G:/UnityProjects/AoC 2020/AoC 2020 Day 1 to 3
Using Asset Import Pipeline V2.
Refreshing native plugins compatible for Editor in 48.71 ms, found 1 plugins.
Preloading 0 native plugins for Editor in 0.00 ms.
Initialize engine version: 2020.2.3f1 (8ff31bc5bf5b)
[Subsystems] Discovering subsystems at path C:/Program Files/Unity/Hub/Editor/2020.2.3f1/Editor/Data/Resources/UnitySubsystems
[Subsystems] Discovering subsystems at path G:/UnityProjects/AoC 2020/AoC 2020 Day 1 to 3/Assets
GfxDevice: creating device client; threaded=0
Direct3D:
    Version:  Direct3D 11.0 [level 11.1]
    Renderer: NVIDIA GeForce GTX 1080 (ID=0x1b80)
    Vendor:   
    VRAM:     8079 MB
    Driver:   27.21.14.6089
Initialize mono
Mono path[0] = 'C:/Program Files/Unity/Hub/Editor/2020.2.3f1/Editor/Data/Managed'
Mono path[1] = 'C:/Program Files/Unity/Hub/Editor/2020.2.3f1/Editor/Data/MonoBleedingEdge/lib/mono/unityjit'
Mono config path = 'C:/Program Files/Unity/Hub/Editor/2020.2.3f1/Editor/Data/MonoBleedingEdge/etc'
Using monoOptions --debugger-agent=transport=dt_socket,embedding=1,server=y,suspend=n,address=127.0.0.1:56820
Begin MonoManager ReloadAssembly
Registering precompiled unity dll's ...
Register platform support module: C:/Program Files/Unity/Hub/Editor/2020.2.3f1/Editor/Data/PlaybackEngines/WebGLSupport/UnityEditor.WebGL.Extensions.dll
Register platform support module: C:/Program Files/Unity/Hub/Editor/2020.2.3f1/Editor/Data/PlaybackEngines/WindowsStandaloneSupport/UnityEditor.WindowsStandalone.Extensions.dll
Registered in 0.002016 seconds.
Native extension for WindowsStandalone target not found
Native extension for WebGL target not found
Refreshing native plugins compatible for Editor in 38.03 ms, found 1 plugins.
Preloading 0 native plugins for Editor in 0.00 ms.
Invoked RoslynAnalysisRunner static constructor.
RoslynAnalysisRunner will not be running.
RoslynAnalysisRunner has terminated.
Mono: successfully reloaded assembly
- Completed reload, in  1.819 seconds
Platform modules already initialized, skipping
Registering precompiled user dll's ...
Registered in 0.000813 seconds.
Begin MonoManager ReloadAssembly
Native extension for WindowsStandalone target not found
Native extension for WebGL target not found
Refreshing native plugins compatible for Editor in 37.80 ms, found 1 plugins.
Preloading 0 native plugins for Editor in 0.00 ms.
Invoked RoslynAnalysisRunner static constructor.
RoslynAnalysisRunner will not be running.
RoslynAnalysisRunner has terminated.
Mono: successfully reloaded assembly
- Completed reload, in  0.767 seconds
Platform modules already initialized, skipping
========================================================================
Worker process is ready to serve import requests
Launched and connected shader compiler UnityShaderCompiler.exe after 0.03 seconds
Refreshing native plugins compatible for Editor in 0.37 ms, found 1 plugins.
Preloading 0 native plugins for Editor in 0.00 ms.
Unloading 1828 Unused Serialized files (Serialized files now loaded: 0)
System memory in use before: 86.8 MB.
System memory in use after: 86.8 MB.

Unloading 19 unused Assets to reduce memory usage. Loaded Objects now: 2276.
Total: 1.533900 ms (FindLiveObjects: 0.179700 ms CreateObjectMapping: 0.068900 ms MarkObjects: 1.230400 ms  DeleteObjects: 0.054000 ms)

========================================================================
Received Import Request.
  path: Assets/Art/sled2.png
  artifactKey: Guid(7fb651ff4aa50944283407d41c6da085) Importer(815301076,1909f56bfc062723c751e8b465ee728b)
Start importing Assets/Art/sled2.png using Guid(7fb651ff4aa50944283407d41c6da085) Importer(815301076,1909f56bfc062723c751e8b465ee728b)  -> (artifact id: '7c3d509e47a8f2fea831a1e01ced1825') in 0.133485 seconds
  Import took 0.135719 seconds .

========================================================================
Received Import Request.
  Time since last request: 0.000178 seconds.
  path: Assets/TextMesh Pro
  artifactKey: Guid(f54d1bd14bd3ca042bd867b519fee8cc) Importer(815301076,1909f56bfc062723c751e8b465ee728b)
Start importing Assets/TextMesh Pro using Guid(f54d1bd14bd3ca042bd867b519fee8cc) Importer(815301076,1909f56bfc062723c751e8b465ee728b)  -> (artifact id: '5e7a35b20df66958a2dfa0bec82de609') in 0.004502 seconds
  Import took 0.006473 seconds .

========================================================================
Received Import Request.
  Time since last request: 0.000119 seconds.
  path: Assets/Art/2dSnow.png
  artifactKey: Guid(c746164bb8c0b134a96133b2822e0af3) Importer(815301076,1909f56bfc062723c751e8b465ee728b)
Start importing Assets/Art/2dSnow.png using Guid(c746164bb8c0b134a96133b2822e0af3) Importer(815301076,1909f56bfc062723c751e8b465ee728b)  -> (artifact id: 'dacd1ee2259c24f5f0838f2dc8f5be14') in 0.013532 seconds
  Import took 0.015656 seconds .

========================================================================
Received Import Request.
  Time since last request: 0.000142 seconds.
  path: Assets/Art
  artifactKey: Guid(cd07e811cceebab4e8884ba9cbf5cdea) Importer(815301076,1909f56bfc062723c751e8b465ee728b)
Start importing Assets/Art using Guid(cd07e811cceebab4e8884ba9cbf5cdea) Importer(815301076,1909f56bfc062723c751e8b465ee728b)  -> (artifact id: 'dee1b45c9031db151bf943950ab5ea08') in 0.004656 seconds
  Import took 0.007186 seconds .

========================================================================
Received Import Request.
  Time since last request: 0.000142 seconds.
  path: Assets/Art/SnowTile.asset
  artifactKey: Guid(7d52f66bb80350546b550360408d3629) Importer(815301076,1909f56bfc062723c751e8b465ee728b)
Start importing Assets/Art/SnowTile.asset using Guid(7d52f66bb80350546b550360408d3629) Importer(815301076,1909f56bfc062723c751e8b465ee728b)  -> (artifact id: '209835a9923e0cb19165ebab2a0ebd92') in 0.047064 seconds
  Import took 0.049387 seconds .

========================================================================
Received Import Request.
  Time since last request: 0.000128 seconds.
  path: Assets/Art/sled.png
  artifactKey: Guid(6a9de44dc797a2f478a28dd8adf6d501) Importer(815301076,1909f56bfc062723c751e8b465ee728b)
Start importing Assets/Art/sled.png using Guid(6a9de44dc797a2f478a28dd8adf6d501) Importer(815301076,1909f56bfc062723c751e8b465ee728b)  -> (artifact id: 'a895a0b7d5398f9ec60dbcb579cd7c34') in 0.011357 seconds
  Import took 0.013594 seconds .

========================================================================
Received Import Request.
  Time since last request: 0.000140 seconds.
  path: Assets/Art/NicePng_sprite-sheet-png_8502997.png
  artifactKey: Guid(550c23fc25da6b646b0fc4eaf03bceae) Importer(815301076,1909f56bfc062723c751e8b465ee728b)
Start importing Assets/Art/NicePng_sprite-sheet-png_8502997.png using Guid(550c23fc25da6b646b0fc4eaf03bceae) Importer(815301076,1909f56bfc062723c751e8b465ee728b)  -> (artifact id: 'db2b96d9efbf0b5234d987677dc5070b') in 1.491350 seconds
  Import took 1.499048 seconds .

========================================================================
Received Import Request.
  Time since last request: 0.000139 seconds.
  path: Assets/Art/SnowTile.png
  artifactKey: Guid(94842d2f71fda4b41a79e647a8e505bd) Importer(815301076,1909f56bfc062723c751e8b465ee728b)
Start importing Assets/Art/SnowTile.png using Guid(94842d2f71fda4b41a79e647a8e505bd) Importer(815301076,1909f56bfc062723c751e8b465ee728b)  -> (artifact id: '80046ce7b39c1f963a49d343356a2222') in 0.011337 seconds
  Import took 0.013520 seconds .

========================================================================
Received Import Request.
  Time since last request: 0.000129 seconds.
  path: Assets/Art/_led2.png
  artifactKey: Guid(860d90aa14f2012439dc942b9fac6c01) Importer(815301076,1909f56bfc062723c751e8b465ee728b)
Start importing Assets/Art/_led2.png using Guid(860d90aa14f2012439dc942b9fac6c01) Importer(815301076,1909f56bfc062723c751e8b465ee728b)  -> (artifact id: 'b3abba4cfd4e33c876cb5e3178df9af4') in 0.018800 seconds
  Import took 0.021020 seconds .

========================================================================
Received Import Request.
  Time since last request: 0.000133 seconds.
  path: Assets/Scenes
  artifactKey: Guid(cf9df900f2b10c14aada6276953c0cfe) Importer(815301076,1909f56bfc062723c751e8b465ee728b)
Start importing Assets/Scenes using Guid(cf9df900f2b10c14aada6276953c0cfe) Importer(815301076,1909f56bfc062723c751e8b465ee728b)  -> (artifact id: '8ec1d1caba9f6346032400d5d9471b9c') in 0.004504 seconds
  Import took 0.006721 seconds .

========================================================================
Received Import Request.
  Time since last request: 0.000134 seconds.
  path: Assets/Art/Day3 Snow.prefab
  artifactKey: Guid(dc6cfd0ef8ced3d48b9c0824c26df76b) Importer(815301076,1909f56bfc062723c751e8b465ee728b)
Start importing Assets/Art/Day3 Snow.prefab using Guid(dc6cfd0ef8ced3d48b9c0824c26df76b) Importer(815301076,1909f56bfc062723c751e8b465ee728b)  -> (artifact id: 'da1573e370dd73144176dcb7fe4f9c42') in 0.011481 seconds
  Import took 0.014273 seconds .

========================================================================
Received Prepare
Registering precompiled user dll's ...
Registered in 0.000870 seconds.
Begin MonoManager ReloadAssembly
Native extension for WindowsStandalone target not found
Native extension for WebGL target not found
Refreshing native plugins compatible for Editor in 0.60 ms, found 1 plugins.
Preloading 0 native plugins for Editor in 0.00 ms.
Invoked RoslynAnalysisRunner static constructor.
RoslynAnalysisRunner will not be running.
RoslynAnalysisRunner has terminated.
Mono: successfully reloaded assembly
- Completed reload, in  0.739 seconds
Platform modules already initialized, skipping
Refreshing native plugins compatible for Editor in 0.39 ms, found 1 plugins.
Preloading 0 native plugins for Editor in 0.00 ms.
Unloading 1805 Unused Serialized files (Serialized files now loaded: 0)
System memory in use before: 89.3 MB.
System memory in use after: 89.4 MB.

Unloading 8 unused Assets to reduce memory usage. Loaded Objects now: 2295.
Total: 1.484400 ms (FindLiveObjects: 0.172600 ms CreateObjectMapping: 0.069300 ms MarkObjects: 1.229600 ms  DeleteObjects: 0.011900 ms)

AssetImportWorkerClient::OnTransportError - code=2 error=End of file
