Using pre-set license
Built from '2020.2/staging' branch; Version is '2020.2.3f1 (8ff31bc5bf5b) revision 9433883'; Using compiler version '192528614'; Build Type 'Release'
OS: 'Windows 10 Pro; OS build 19042.804; Version 2009; 64bit' Language: 'en' Physical Memory: 16336 MB
BatchMode: 1, IsHumanControllingUs: 0, StartBugReporterOnCrash: 0, Is64bit: 1, IsPro: 0

 COMMAND LINE ARGUMENTS:
C:\Program Files\Unity\Hub\Editor\2020.2.3f1\Editor\Unity.exe
-adb2
-batchMode
-noUpm
-name
AssetImportWorker0
-projectPath
G:/UnityProjects/AoC 2020 Day 7
-logFile
Logs/AssetImportWorker0.log
-srvPort
58922
Successfully changed project path to: G:/UnityProjects/AoC 2020 Day 7
G:/UnityProjects/AoC 2020 Day 7
Using Asset Import Pipeline V2.
Refreshing native plugins compatible for Editor in 27.46 ms, found 1 plugins.
Preloading 0 native plugins for Editor in 0.00 ms.
Initialize engine version: 2020.2.3f1 (8ff31bc5bf5b)
[Subsystems] Discovering subsystems at path C:/Program Files/Unity/Hub/Editor/2020.2.3f1/Editor/Data/Resources/UnitySubsystems
[Subsystems] Discovering subsystems at path G:/UnityProjects/AoC 2020 Day 7/Assets
GfxDevice: creating device client; threaded=0
Direct3D:
    Version:  Direct3D 11.0 [level 11.1]
    Renderer: NVIDIA GeForce GTX 1080 (ID=0x1b80)
    Vendor:   
    VRAM:     8079 MB
    Driver:   27.21.14.6089
Initialize mono
Mono path[0] = 'C:/Program Files/Unity/Hub/Editor/2020.2.3f1/Editor/Data/Managed'
Mono path[1] = 'C:/Program Files/Unity/Hub/Editor/2020.2.3f1/Editor/Data/MonoBleedingEdge/lib/mono/unityjit'
Mono config path = 'C:/Program Files/Unity/Hub/Editor/2020.2.3f1/Editor/Data/MonoBleedingEdge/etc'
Using monoOptions --debugger-agent=transport=dt_socket,embedding=1,server=y,suspend=n,address=127.0.0.1:56424
Begin MonoManager ReloadAssembly
Registering precompiled unity dll's ...
Register platform support module: C:/Program Files/Unity/Hub/Editor/2020.2.3f1/Editor/Data/PlaybackEngines/WebGLSupport/UnityEditor.WebGL.Extensions.dll
Register platform support module: C:/Program Files/Unity/Hub/Editor/2020.2.3f1/Editor/Data/PlaybackEngines/WindowsStandaloneSupport/UnityEditor.WindowsStandalone.Extensions.dll
Registered in 0.002113 seconds.
Native extension for WindowsStandalone target not found
Native extension for WebGL target not found
Refreshing native plugins compatible for Editor in 28.20 ms, found 1 plugins.
Preloading 0 native plugins for Editor in 0.00 ms.
Invoked RoslynAnalysisRunner static constructor.
RoslynAnalysisRunner will not be running.
RoslynAnalysisRunner has terminated.
Mono: successfully reloaded assembly
- Completed reload, in  1.604 seconds
Platform modules already initialized, skipping
Registering precompiled user dll's ...
Registered in 0.000705 seconds.
Begin MonoManager ReloadAssembly
Native extension for WindowsStandalone target not found
Native extension for WebGL target not found
Refreshing native plugins compatible for Editor in 27.43 ms, found 1 plugins.
Preloading 0 native plugins for Editor in 0.00 ms.
Invoked RoslynAnalysisRunner static constructor.
RoslynAnalysisRunner will not be running.
RoslynAnalysisRunner has terminated.
Mono: successfully reloaded assembly
- Completed reload, in  0.705 seconds
Platform modules already initialized, skipping
========================================================================
Worker process is ready to serve import requests
Launched and connected shader compiler UnityShaderCompiler.exe after 0.03 seconds
Refreshing native plugins compatible for Editor in 0.29 ms, found 1 plugins.
Preloading 0 native plugins for Editor in 0.00 ms.
Unloading 1792 Unused Serialized files (Serialized files now loaded: 0)
System memory in use before: 84.2 MB.
System memory in use after: 84.2 MB.

Unloading 24 unused Assets to reduce memory usage. Loaded Objects now: 2233.
Total: 1.560500 ms (FindLiveObjects: 0.174300 ms CreateObjectMapping: 0.070900 ms MarkObjects: 1.219600 ms  DeleteObjects: 0.095200 ms)

========================================================================
Received Import Request.
  path: Assets
  artifactKey: Guid(00000000000000001000000000000000) Importer(815301076,1909f56bfc062723c751e8b465ee728b)
Start importing Assets using Guid(00000000000000001000000000000000) Importer(815301076,1909f56bfc062723c751e8b465ee728b)  -> (artifact id: '653ce283d384579a24208b2e4d727c2a') in 0.007389 seconds
  Import took 0.010073 seconds .

========================================================================
Received Import Request.
  Time since last request: 0.580669 seconds.
  path: Assets/Scripts
  artifactKey: Guid(722354c1a48e3194a84db9ed7535cf44) Importer(815301076,1909f56bfc062723c751e8b465ee728b)
Start importing Assets/Scripts using Guid(722354c1a48e3194a84db9ed7535cf44) Importer(815301076,1909f56bfc062723c751e8b465ee728b)  -> (artifact id: '6c468a4c9bccc47405a8455abbbaefe7') in 0.004367 seconds
  Import took 0.007651 seconds .

========================================================================
Received Import Request.
  Time since last request: 0.001544 seconds.
  path: Assets/Scripts
  artifactKey: Guid(722354c1a48e3194a84db9ed7535cf44) Importer(815301076,1909f56bfc062723c751e8b465ee728b)
Start importing Assets/Scripts using Guid(722354c1a48e3194a84db9ed7535cf44) Importer(815301076,1909f56bfc062723c751e8b465ee728b)  -> (artifact id: '6c468a4c9bccc47405a8455abbbaefe7') in 0.001722 seconds
  Import took 0.004464 seconds .

========================================================================
Received Import Request.
  Time since last request: 4.681829 seconds.
  path: Assets/Input
  artifactKey: Guid(b90084bd4f543404e8ebd8da3d9620fc) Importer(815301076,1909f56bfc062723c751e8b465ee728b)
Start importing Assets/Input using Guid(b90084bd4f543404e8ebd8da3d9620fc) Importer(815301076,1909f56bfc062723c751e8b465ee728b)  -> (artifact id: '4ddb56320db2c46b6855732d5ef2f1b6') in 0.004559 seconds
  Import took 0.007285 seconds .

========================================================================
Received Import Request.
  Time since last request: 0.000273 seconds.
  path: Assets/Input
  artifactKey: Guid(b90084bd4f543404e8ebd8da3d9620fc) Importer(815301076,1909f56bfc062723c751e8b465ee728b)
Start importing Assets/Input using Guid(b90084bd4f543404e8ebd8da3d9620fc) Importer(815301076,1909f56bfc062723c751e8b465ee728b)  -> (artifact id: '4ddb56320db2c46b6855732d5ef2f1b6') in 0.001979 seconds
  Import took 0.004225 seconds .

========================================================================
Received Import Request.
  Time since last request: 20.408846 seconds.
  path: Assets/Scripts/NewBehaviourScript.cs
  artifactKey: Guid(797bb69fdaa1afc4ab9ab2dfffd98d9f) Importer(815301076,1909f56bfc062723c751e8b465ee728b)
Start importing Assets/Scripts/NewBehaviourScript.cs using Guid(797bb69fdaa1afc4ab9ab2dfffd98d9f) Importer(815301076,1909f56bfc062723c751e8b465ee728b)  -> (artifact id: 'de9ea9c0b612e85d6f9e7cee1ecd1f88') in 0.035385 seconds
  Import took 0.038016 seconds .

========================================================================
Received Import Request.
  Time since last request: 0.027314 seconds.
  path: Assets/Scripts/NewBehaviourScript.cs
  artifactKey: Guid(797bb69fdaa1afc4ab9ab2dfffd98d9f) Importer(815301076,1909f56bfc062723c751e8b465ee728b)
Start importing Assets/Scripts/NewBehaviourScript.cs using Guid(797bb69fdaa1afc4ab9ab2dfffd98d9f) Importer(815301076,1909f56bfc062723c751e8b465ee728b)  -> (artifact id: 'de9ea9c0b612e85d6f9e7cee1ecd1f88') in 0.002599 seconds
  Import took 0.005206 seconds .

========================================================================
Received Prepare
Registering precompiled user dll's ...
Registered in 0.000718 seconds.
Begin MonoManager ReloadAssembly
Native extension for WindowsStandalone target not found
Native extension for WebGL target not found
Refreshing native plugins compatible for Editor in 0.26 ms, found 1 plugins.
Preloading 0 native plugins for Editor in 0.00 ms.
Invoked RoslynAnalysisRunner static constructor.
RoslynAnalysisRunner will not be running.
RoslynAnalysisRunner has terminated.
Mono: successfully reloaded assembly
- Completed reload, in  0.651 seconds
Platform modules already initialized, skipping
Refreshing native plugins compatible for Editor in 0.26 ms, found 1 plugins.
Preloading 0 native plugins for Editor in 0.00 ms.
Unloading 1788 Unused Serialized files (Serialized files now loaded: 0)
System memory in use before: 84.2 MB.
System memory in use after: 84.2 MB.

Unloading 12 unused Assets to reduce memory usage. Loaded Objects now: 2237.
Total: 1.382100 ms (FindLiveObjects: 0.141300 ms CreateObjectMapping: 0.050600 ms MarkObjects: 1.114000 ms  DeleteObjects: 0.075400 ms)

========================================================================
Received Prepare
Registering precompiled user dll's ...
Registered in 0.000734 seconds.
Begin MonoManager ReloadAssembly
Native extension for WindowsStandalone target not found
Native extension for WebGL target not found
Refreshing native plugins compatible for Editor in 0.30 ms, found 1 plugins.
Preloading 0 native plugins for Editor in 0.00 ms.
Invoked RoslynAnalysisRunner static constructor.
RoslynAnalysisRunner will not be running.
RoslynAnalysisRunner has terminated.
Mono: successfully reloaded assembly
- Completed reload, in  0.659 seconds
Platform modules already initialized, skipping
Refreshing native plugins compatible for Editor in 0.27 ms, found 1 plugins.
Preloading 0 native plugins for Editor in 0.00 ms.
Unloading 1788 Unused Serialized files (Serialized files now loaded: 0)
System memory in use before: 84.2 MB.
System memory in use after: 84.2 MB.

Unloading 12 unused Assets to reduce memory usage. Loaded Objects now: 2240.
Total: 1.464900 ms (FindLiveObjects: 0.153400 ms CreateObjectMapping: 0.056000 ms MarkObjects: 1.176300 ms  DeleteObjects: 0.078400 ms)

========================================================================
Received Import Request.
  Time since last request: 39.986877 seconds.
  path: Assets/Scripts/NewBehaviourScript.cs
  artifactKey: Guid(797bb69fdaa1afc4ab9ab2dfffd98d9f) Importer(815301076,1909f56bfc062723c751e8b465ee728b)
Start importing Assets/Scripts/NewBehaviourScript.cs using Guid(797bb69fdaa1afc4ab9ab2dfffd98d9f) Importer(815301076,1909f56bfc062723c751e8b465ee728b)  -> (artifact id: 'fbb45ebfb7a732b82cb7acfc5e55601a') in 0.006235 seconds
  Import took 0.009326 seconds .

========================================================================
Received Import Request.
  Time since last request: 0.830009 seconds.
  path: Assets/Scripts/NewBehaviourScript.cs
  artifactKey: Guid(797bb69fdaa1afc4ab9ab2dfffd98d9f) Importer(815301076,1909f56bfc062723c751e8b465ee728b)
Start importing Assets/Scripts/NewBehaviourScript.cs using Guid(797bb69fdaa1afc4ab9ab2dfffd98d9f) Importer(815301076,1909f56bfc062723c751e8b465ee728b)  -> (artifact id: 'fbb45ebfb7a732b82cb7acfc5e55601a') in 0.009078 seconds
  Import took 0.019062 seconds .

========================================================================
Received Import Request.
  Time since last request: 2.278222 seconds.
  path: Assets/Scripts/MainController.cs
  artifactKey: Guid(797bb69fdaa1afc4ab9ab2dfffd98d9f) Importer(815301076,1909f56bfc062723c751e8b465ee728b)
Start importing Assets/Scripts/MainController.cs using Guid(797bb69fdaa1afc4ab9ab2dfffd98d9f) Importer(815301076,1909f56bfc062723c751e8b465ee728b)  -> (artifact id: 'c8a8a9e446e55ffb4d8bc59e787cba03') in 0.007941 seconds
  Import took 0.011282 seconds .

========================================================================
Received Prepare
Registering precompiled user dll's ...
Registered in 0.001002 seconds.
Begin MonoManager ReloadAssembly
Native extension for WindowsStandalone target not found
Native extension for WebGL target not found
Refreshing native plugins compatible for Editor in 0.32 ms, found 1 plugins.
Preloading 0 native plugins for Editor in 0.00 ms.
Invoked RoslynAnalysisRunner static constructor.
RoslynAnalysisRunner will not be running.
RoslynAnalysisRunner has terminated.
Mono: successfully reloaded assembly
- Completed reload, in  0.769 seconds
Platform modules already initialized, skipping
Refreshing native plugins compatible for Editor in 0.32 ms, found 1 plugins.
Preloading 0 native plugins for Editor in 0.00 ms.
Unloading 1788 Unused Serialized files (Serialized files now loaded: 0)
System memory in use before: 84.3 MB.
System memory in use after: 84.3 MB.

Unloading 12 unused Assets to reduce memory usage. Loaded Objects now: 2243.
Total: 1.962400 ms (FindLiveObjects: 0.169100 ms CreateObjectMapping: 0.079000 ms MarkObjects: 1.624300 ms  DeleteObjects: 0.088800 ms)

========================================================================
Received Import Request.
  Time since last request: 96.547670 seconds.
  path: Assets/Input/day7input.txt
  artifactKey: Guid(8aebe4867fef4a24ca10ee23e2c96fbe) Importer(815301076,1909f56bfc062723c751e8b465ee728b)
Start importing Assets/Input/day7input.txt using Guid(8aebe4867fef4a24ca10ee23e2c96fbe) Importer(815301076,1909f56bfc062723c751e8b465ee728b)  -> (artifact id: '9272d8a734d0ce06d1d48e65d9659300') in 0.019714 seconds
  Import took 0.023741 seconds .

========================================================================
Received Import Request.
  Time since last request: 55.103274 seconds.
  path: Assets/Scripts/BagNode.cs
  artifactKey: Guid(bc000aad9881ce947b5bfb84b47b2278) Importer(815301076,1909f56bfc062723c751e8b465ee728b)
Start importing Assets/Scripts/BagNode.cs using Guid(bc000aad9881ce947b5bfb84b47b2278) Importer(815301076,1909f56bfc062723c751e8b465ee728b)  -> (artifact id: '1fbe1390443aafc3bda171fd11ce3644') in 0.006539 seconds
  Import took 0.009710 seconds .

========================================================================
Received Prepare
Registering precompiled user dll's ...
Registered in 0.000774 seconds.
Begin MonoManager ReloadAssembly
Native extension for WindowsStandalone target not found
Native extension for WebGL target not found
Refreshing native plugins compatible for Editor in 0.26 ms, found 1 plugins.
Preloading 0 native plugins for Editor in 0.00 ms.
Invoked RoslynAnalysisRunner static constructor.
RoslynAnalysisRunner will not be running.
RoslynAnalysisRunner has terminated.
Mono: successfully reloaded assembly
- Completed reload, in  0.750 seconds
Platform modules already initialized, skipping
Refreshing native plugins compatible for Editor in 0.25 ms, found 1 plugins.
Preloading 0 native plugins for Editor in 0.00 ms.
Unloading 1789 Unused Serialized files (Serialized files now loaded: 0)
System memory in use before: 84.3 MB.
System memory in use after: 84.3 MB.

Unloading 12 unused Assets to reduce memory usage. Loaded Objects now: 2247.
Total: 1.604900 ms (FindLiveObjects: 0.235700 ms CreateObjectMapping: 0.065300 ms MarkObjects: 1.216800 ms  DeleteObjects: 0.085000 ms)

========================================================================
Received Prepare
Registering precompiled user dll's ...
Registered in 0.002256 seconds.
Begin MonoManager ReloadAssembly
Native extension for WindowsStandalone target not found
Native extension for WebGL target not found
Refreshing native plugins compatible for Editor in 0.28 ms, found 1 plugins.
Preloading 0 native plugins for Editor in 0.00 ms.
Invoked RoslynAnalysisRunner static constructor.
RoslynAnalysisRunner will not be running.
RoslynAnalysisRunner has terminated.
Mono: successfully reloaded assembly
- Completed reload, in  0.792 seconds
Platform modules already initialized, skipping
Refreshing native plugins compatible for Editor in 0.29 ms, found 1 plugins.
Preloading 0 native plugins for Editor in 0.00 ms.
Unloading 1789 Unused Serialized files (Serialized files now loaded: 0)
System memory in use before: 84.3 MB.
System memory in use after: 84.3 MB.

Unloading 12 unused Assets to reduce memory usage. Loaded Objects now: 2250.
Total: 2.358800 ms (FindLiveObjects: 0.242200 ms CreateObjectMapping: 0.098800 ms MarkObjects: 1.783200 ms  DeleteObjects: 0.231300 ms)

========================================================================
Received Import Request.
  Time since last request: 76159.902334 seconds.
  path: Assets/Scripts/BagNode.cs
  artifactKey: Guid(bc000aad9881ce947b5bfb84b47b2278) Importer(815301076,1909f56bfc062723c751e8b465ee728b)
Start importing Assets/Scripts/BagNode.cs using Guid(bc000aad9881ce947b5bfb84b47b2278) Importer(815301076,1909f56bfc062723c751e8b465ee728b)  -> (artifact id: '5f9f53d12518205c7584ae155ac95f88') in 0.062613 seconds
  Import took 0.116467 seconds .

AssetImportWorkerClient::OnTransportError - code=2 error=End of file
